INFO 2020-09-03 15:00:13,810 autoreload 597 Watching for file changes with StatReloader
INFO 2020-09-03 15:00:15,503 autoreload 597 Watching for file changes with StatReloader
INFO 2020-09-03 15:00:16,634 autoreload 597 Watching for file changes with StatReloader
INFO 2020-09-03 15:00:16,673 autoreload 597 Watching for file changes with StatReloader
INFO 2020-09-03 15:00:16,675 autoreload 597 Watching for file changes with StatReloader
INFO 2020-09-03 15:00:16,710 autoreload 597 Watching for file changes with StatReloader
INFO 2020-09-03 15:00:16,758 autoreload 597 Watching for file changes with StatReloader
INFO 2020-09-03 15:00:17,276 autoreload 597 Watching for file changes with StatReloader
INFO 2020-09-03 15:00:33,184 autoreload 217 /home/python/Desktop/42/meiduo/meiduo/settings/dev.py changed, reloading.
INFO 2020-09-03 15:00:33,447 autoreload 217 /home/python/Desktop/42/meiduo/meiduo/settings/dev.py changed, reloading.
INFO 2020-09-03 15:00:34,067 autoreload 217 /home/python/Desktop/42/meiduo/meiduo/settings/dev.py changed, reloading.
INFO 2020-09-03 15:00:34,092 autoreload 217 /home/python/Desktop/42/meiduo/meiduo/settings/dev.py changed, reloading.
INFO 2020-09-03 15:00:34,100 autoreload 217 /home/python/Desktop/42/meiduo/meiduo/settings/dev.py changed, reloading.
INFO 2020-09-03 15:00:34,122 autoreload 217 /home/python/Desktop/42/meiduo/meiduo/settings/dev.py changed, reloading.
INFO 2020-09-03 15:00:34,126 autoreload 217 /home/python/Desktop/42/meiduo/meiduo/settings/dev.py changed, reloading.
INFO 2020-09-03 15:00:34,118 autoreload 217 /home/python/Desktop/42/meiduo/meiduo/settings/dev.py changed, reloading.
INFO 2020-09-03 15:00:56,213 autoreload 597 Watching for file changes with StatReloader
INFO 2020-09-03 15:01:00,682 autoreload 597 Watching for file changes with StatReloader
INFO 2020-09-03 15:01:00,699 autoreload 597 Watching for file changes with StatReloader
INFO 2020-09-03 15:01:00,715 autoreload 597 Watching for file changes with StatReloader
INFO 2020-09-03 15:01:00,736 autoreload 597 Watching for file changes with StatReloader
INFO 2020-09-03 15:01:00,770 autoreload 597 Watching for file changes with StatReloader
INFO 2020-09-03 15:01:00,752 autoreload 597 Watching for file changes with StatReloader
INFO 2020-09-03 15:01:00,909 autoreload 597 Watching for file changes with StatReloader
INFO 2020-09-03 15:01:00,926 autoreload 597 Watching for file changes with StatReloader
INFO 2020-09-03 15:01:02,093 autoreload 597 Watching for file changes with StatReloader
INFO 2020-09-03 15:01:26,406 autoreload 217 /home/python/Desktop/42/meiduo/meiduo/settings/dev.py changed, reloading.
INFO 2020-09-03 15:01:26,714 autoreload 217 /home/python/Desktop/42/meiduo/meiduo/settings/dev.py changed, reloading.
INFO 2020-09-03 15:01:27,255 autoreload 217 /home/python/Desktop/42/meiduo/meiduo/settings/dev.py changed, reloading.
INFO 2020-09-03 15:01:27,401 autoreload 597 Watching for file changes with StatReloader
INFO 2020-09-03 15:01:27,596 autoreload 217 /home/python/Desktop/42/meiduo/meiduo/settings/dev.py changed, reloading.
INFO 2020-09-03 15:01:27,599 autoreload 217 /home/python/Desktop/42/meiduo/meiduo/settings/dev.py changed, reloading.
INFO 2020-09-03 15:01:27,609 autoreload 217 /home/python/Desktop/42/meiduo/meiduo/settings/dev.py changed, reloading.
INFO 2020-09-03 15:01:27,626 autoreload 217 /home/python/Desktop/42/meiduo/meiduo/settings/dev.py changed, reloading.
INFO 2020-09-03 15:01:27,615 autoreload 217 /home/python/Desktop/42/meiduo/meiduo/settings/dev.py changed, reloading.
INFO 2020-09-03 15:01:27,656 autoreload 217 /home/python/Desktop/42/meiduo/meiduo/settings/dev.py changed, reloading.
INFO 2020-09-03 15:01:27,652 autoreload 217 /home/python/Desktop/42/meiduo/meiduo/settings/dev.py changed, reloading.
INFO 2020-09-03 15:01:32,032 autoreload 597 Watching for file changes with StatReloader
INFO 2020-09-03 15:01:32,682 autoreload 597 Watching for file changes with StatReloader
INFO 2020-09-03 15:01:33,097 autoreload 597 Watching for file changes with StatReloader
INFO 2020-09-03 15:01:33,136 autoreload 597 Watching for file changes with StatReloader
INFO 2020-09-03 15:01:33,177 autoreload 597 Watching for file changes with StatReloader
INFO 2020-09-03 15:01:33,186 autoreload 597 Watching for file changes with StatReloader
INFO 2020-09-03 15:01:33,206 autoreload 597 Watching for file changes with StatReloader
INFO 2020-09-03 15:01:33,225 autoreload 597 Watching for file changes with StatReloader
INFO 2020-09-03 15:01:33,242 autoreload 597 Watching for file changes with StatReloader
INFO 2020-09-03 15:01:34,179 autoreload 597 Watching for file changes with StatReloader
INFO 2020-09-03 15:01:46,414 autoreload 217 /home/python/Desktop/42/meiduo/meiduo/settings/dev.py changed, reloading.
INFO 2020-09-03 15:01:46,658 autoreload 217 /home/python/Desktop/42/meiduo/meiduo/settings/dev.py changed, reloading.
INFO 2020-09-03 15:01:46,679 autoreload 217 /home/python/Desktop/42/meiduo/meiduo/settings/dev.py changed, reloading.
INFO 2020-09-03 15:01:46,697 autoreload 217 /home/python/Desktop/42/meiduo/meiduo/settings/dev.py changed, reloading.
INFO 2020-09-03 15:01:46,696 autoreload 217 /home/python/Desktop/42/meiduo/meiduo/settings/dev.py changed, reloading.
INFO 2020-09-03 15:01:46,831 autoreload 217 /home/python/Desktop/42/meiduo/meiduo/settings/dev.py changed, reloading.
INFO 2020-09-03 15:01:46,958 autoreload 217 /home/python/Desktop/42/meiduo/meiduo/settings/dev.py changed, reloading.
INFO 2020-09-03 15:01:46,964 autoreload 217 /home/python/Desktop/42/meiduo/meiduo/settings/dev.py changed, reloading.
INFO 2020-09-03 15:01:46,969 autoreload 217 /home/python/Desktop/42/meiduo/meiduo/settings/dev.py changed, reloading.
INFO 2020-09-03 15:01:46,975 autoreload 217 /home/python/Desktop/42/meiduo/meiduo/settings/dev.py changed, reloading.
INFO 2020-09-03 15:01:47,023 autoreload 217 /home/python/Desktop/42/meiduo/meiduo/settings/dev.py changed, reloading.
INFO 2020-09-03 15:01:47,863 autoreload 597 Watching for file changes with StatReloader
INFO 2020-09-03 15:01:51,730 autoreload 597 Watching for file changes with StatReloader
INFO 2020-09-03 15:01:52,606 autoreload 597 Watching for file changes with StatReloader
INFO 2020-09-03 15:01:52,655 autoreload 597 Watching for file changes with StatReloader
INFO 2020-09-03 15:01:52,715 autoreload 597 Watching for file changes with StatReloader
INFO 2020-09-03 15:01:52,759 autoreload 597 Watching for file changes with StatReloader
INFO 2020-09-03 15:01:52,867 autoreload 597 Watching for file changes with StatReloader
INFO 2020-09-03 15:01:52,981 autoreload 597 Watching for file changes with StatReloader
INFO 2020-09-03 15:01:53,002 autoreload 597 Watching for file changes with StatReloader
INFO 2020-09-03 15:01:53,062 autoreload 597 Watching for file changes with StatReloader
INFO 2020-09-03 15:01:53,123 autoreload 597 Watching for file changes with StatReloader
INFO 2020-09-03 15:01:53,582 autoreload 597 Watching for file changes with StatReloader
INFO 2020-09-03 15:02:23,777 autoreload 217 /home/python/Desktop/42/meiduo/meiduo/settings/dev.py changed, reloading.
INFO 2020-09-03 15:02:23,832 autoreload 217 /home/python/Desktop/42/meiduo/meiduo/settings/dev.py changed, reloading.
INFO 2020-09-03 15:02:23,849 autoreload 217 /home/python/Desktop/42/meiduo/meiduo/settings/dev.py changed, reloading.
INFO 2020-09-03 15:02:23,860 autoreload 217 /home/python/Desktop/42/meiduo/meiduo/settings/dev.py changed, reloading.
INFO 2020-09-03 15:02:23,862 autoreload 217 /home/python/Desktop/42/meiduo/meiduo/settings/dev.py changed, reloading.
INFO 2020-09-03 15:02:23,867 autoreload 217 /home/python/Desktop/42/meiduo/meiduo/settings/dev.py changed, reloading.
INFO 2020-09-03 15:02:23,880 autoreload 217 /home/python/Desktop/42/meiduo/meiduo/settings/dev.py changed, reloading.
INFO 2020-09-03 15:02:24,025 autoreload 217 /home/python/Desktop/42/meiduo/meiduo/settings/dev.py changed, reloading.
INFO 2020-09-03 15:02:24,028 autoreload 217 /home/python/Desktop/42/meiduo/meiduo/settings/dev.py changed, reloading.
INFO 2020-09-03 15:02:24,032 autoreload 217 /home/python/Desktop/42/meiduo/meiduo/settings/dev.py changed, reloading.
INFO 2020-09-03 15:02:24,110 autoreload 217 /home/python/Desktop/42/meiduo/meiduo/settings/dev.py changed, reloading.
INFO 2020-09-03 15:02:24,492 autoreload 217 /home/python/Desktop/42/meiduo/meiduo/settings/dev.py changed, reloading.
INFO 2020-09-03 15:02:25,470 autoreload 597 Watching for file changes with StatReloader
INFO 2020-09-03 15:02:30,172 autoreload 597 Watching for file changes with StatReloader
INFO 2020-09-03 15:02:30,337 autoreload 597 Watching for file changes with StatReloader
INFO 2020-09-03 15:02:30,350 autoreload 597 Watching for file changes with StatReloader
INFO 2020-09-03 15:02:30,371 autoreload 597 Watching for file changes with StatReloader
INFO 2020-09-03 15:02:30,396 autoreload 597 Watching for file changes with StatReloader
INFO 2020-09-03 15:02:30,409 autoreload 597 Watching for file changes with StatReloader
INFO 2020-09-03 15:02:30,446 autoreload 597 Watching for file changes with StatReloader
INFO 2020-09-03 15:02:30,462 autoreload 597 Watching for file changes with StatReloader
INFO 2020-09-03 15:02:30,516 autoreload 597 Watching for file changes with StatReloader
INFO 2020-09-03 15:02:30,514 autoreload 597 Watching for file changes with StatReloader
INFO 2020-09-03 15:02:30,886 autoreload 597 Watching for file changes with StatReloader
INFO 2020-09-03 15:02:31,885 autoreload 597 Watching for file changes with StatReloader
INFO 2020-09-03 15:02:57,063 autoreload 217 /home/python/Desktop/42/meiduo/meiduo/settings/dev.py changed, reloading.
INFO 2020-09-03 15:02:57,996 autoreload 597 Watching for file changes with StatReloader
INFO 2020-09-03 15:02:58,379 autoreload 597 Watching for file changes with StatReloader
INFO 2020-09-03 15:04:04,998 autoreload 217 /home/python/Desktop/42/meiduo/meiduo/settings/dev.py changed, reloading.
INFO 2020-09-03 15:04:05,472 autoreload 217 /home/python/Desktop/42/meiduo/meiduo/settings/dev.py changed, reloading.
INFO 2020-09-03 15:04:06,482 autoreload 597 Watching for file changes with StatReloader
INFO 2020-09-03 15:04:06,824 autoreload 597 Watching for file changes with StatReloader
INFO 2020-09-03 15:04:07,165 autoreload 597 Watching for file changes with StatReloader
INFO 2020-09-03 15:04:16,148 autoreload 217 /home/python/Desktop/42/meiduo/meiduo/settings/dev.py changed, reloading.
INFO 2020-09-03 15:04:16,589 autoreload 217 /home/python/Desktop/42/meiduo/meiduo/settings/dev.py changed, reloading.
INFO 2020-09-03 15:04:16,974 autoreload 217 /home/python/Desktop/42/meiduo/meiduo/settings/dev.py changed, reloading.
INFO 2020-09-03 15:04:17,106 autoreload 597 Watching for file changes with StatReloader
INFO 2020-09-03 15:04:18,515 autoreload 597 Watching for file changes with StatReloader
INFO 2020-09-03 15:04:18,764 autoreload 597 Watching for file changes with StatReloader
INFO 2020-09-03 15:04:18,943 autoreload 597 Watching for file changes with StatReloader
INFO 2020-09-03 15:04:53,226 autoreload 217 /home/python/Desktop/42/meiduo/meiduo/settings/dev.py changed, reloading.
INFO 2020-09-03 15:04:53,599 autoreload 217 /home/python/Desktop/42/meiduo/meiduo/settings/dev.py changed, reloading.
INFO 2020-09-03 15:04:53,787 autoreload 217 /home/python/Desktop/42/meiduo/meiduo/settings/dev.py changed, reloading.
INFO 2020-09-03 15:04:54,038 autoreload 217 /home/python/Desktop/42/meiduo/meiduo/settings/dev.py changed, reloading.
INFO 2020-09-03 15:04:54,220 autoreload 597 Watching for file changes with StatReloader
INFO 2020-09-03 15:04:55,992 autoreload 597 Watching for file changes with StatReloader
INFO 2020-09-03 15:04:56,039 autoreload 597 Watching for file changes with StatReloader
INFO 2020-09-03 15:04:56,277 autoreload 597 Watching for file changes with StatReloader
INFO 2020-09-03 15:04:56,632 autoreload 597 Watching for file changes with StatReloader
INFO 2020-09-03 15:06:08,428 autoreload 217 /home/python/Desktop/42/meiduo/meiduo/settings/dev.py changed, reloading.
INFO 2020-09-03 15:06:08,433 autoreload 217 /home/python/Desktop/42/meiduo/meiduo/settings/dev.py changed, reloading.
INFO 2020-09-03 15:06:08,435 autoreload 217 /home/python/Desktop/42/meiduo/meiduo/settings/dev.py changed, reloading.
INFO 2020-09-03 15:06:08,437 autoreload 217 /home/python/Desktop/42/meiduo/meiduo/settings/dev.py changed, reloading.
INFO 2020-09-03 15:06:08,940 autoreload 217 /home/python/Desktop/42/meiduo/meiduo/settings/dev.py changed, reloading.
INFO 2020-09-03 15:06:09,728 autoreload 597 Watching for file changes with StatReloader
INFO 2020-09-03 15:06:11,319 autoreload 597 Watching for file changes with StatReloader
INFO 2020-09-03 15:06:11,324 autoreload 597 Watching for file changes with StatReloader
INFO 2020-09-03 15:06:11,349 autoreload 597 Watching for file changes with StatReloader
INFO 2020-09-03 15:06:11,381 autoreload 597 Watching for file changes with StatReloader
INFO 2020-09-03 15:06:12,026 autoreload 597 Watching for file changes with StatReloader
INFO 2020-09-03 15:06:21,697 autoreload 597 Watching for file changes with StatReloader
INFO 2020-09-03 15:07:20,409 autoreload 217 /home/python/Desktop/42/meiduo/meiduo/settings/dev.py changed, reloading.
INFO 2020-09-03 15:07:20,708 autoreload 217 /home/python/Desktop/42/meiduo/meiduo/settings/dev.py changed, reloading.
INFO 2020-09-03 15:07:21,363 autoreload 597 Watching for file changes with StatReloader
INFO 2020-09-03 15:07:22,441 autoreload 597 Watching for file changes with StatReloader
INFO 2020-09-03 15:07:22,699 autoreload 597 Watching for file changes with StatReloader
INFO 2020-09-03 15:08:07,793 autoreload 217 /home/python/Desktop/42/meiduo/meiduo/settings/dev.py changed, reloading.
INFO 2020-09-03 15:08:07,798 autoreload 217 /home/python/Desktop/42/meiduo/meiduo/settings/dev.py changed, reloading.
INFO 2020-09-03 15:08:08,001 autoreload 217 /home/python/Desktop/42/meiduo/meiduo/settings/dev.py changed, reloading.
INFO 2020-09-03 15:08:08,860 autoreload 597 Watching for file changes with StatReloader
INFO 2020-09-03 15:08:09,892 autoreload 597 Watching for file changes with StatReloader
INFO 2020-09-03 15:08:09,927 autoreload 597 Watching for file changes with StatReloader
INFO 2020-09-03 15:08:10,496 autoreload 597 Watching for file changes with StatReloader
INFO 2020-09-03 15:09:47,084 autoreload 217 /home/python/Desktop/42/meiduo/meiduo/settings/dev.py changed, reloading.
INFO 2020-09-03 15:09:47,363 autoreload 217 /home/python/Desktop/42/meiduo/meiduo/settings/dev.py changed, reloading.
INFO 2020-09-03 15:09:47,397 autoreload 217 /home/python/Desktop/42/meiduo/meiduo/settings/dev.py changed, reloading.
INFO 2020-09-03 15:09:47,395 autoreload 217 /home/python/Desktop/42/meiduo/meiduo/settings/dev.py changed, reloading.
INFO 2020-09-03 15:09:48,014 autoreload 597 Watching for file changes with StatReloader
INFO 2020-09-03 15:09:49,833 autoreload 597 Watching for file changes with StatReloader
INFO 2020-09-03 15:09:49,838 autoreload 597 Watching for file changes with StatReloader
INFO 2020-09-03 15:09:49,908 autoreload 597 Watching for file changes with StatReloader
INFO 2020-09-03 15:09:50,186 autoreload 597 Watching for file changes with StatReloader
INFO 2020-09-03 15:15:18,170 autoreload 597 Watching for file changes with StatReloader
INFO 2020-09-03 15:17:20,448 autoreload 597 Watching for file changes with StatReloader
INFO 2020-09-03 15:20:44,974 autoreload 217 /home/python/Desktop/42/meiduo/meiduo/settings/dev.py changed, reloading.
INFO 2020-09-03 15:20:45,106 autoreload 217 /home/python/Desktop/42/meiduo/meiduo/settings/dev.py changed, reloading.
INFO 2020-09-03 15:20:45,897 autoreload 597 Watching for file changes with StatReloader
INFO 2020-09-03 15:20:46,337 autoreload 597 Watching for file changes with StatReloader
INFO 2020-09-03 15:20:46,531 autoreload 597 Watching for file changes with StatReloader
INFO 2020-09-03 15:21:10,837 autoreload 217 /home/python/Desktop/42/meiduo/meiduo/settings/dev.py changed, reloading.
INFO 2020-09-03 15:21:11,028 autoreload 217 /home/python/Desktop/42/meiduo/meiduo/settings/dev.py changed, reloading.
INFO 2020-09-03 15:21:11,670 autoreload 217 /home/python/Desktop/42/meiduo/meiduo/settings/dev.py changed, reloading.
INFO 2020-09-03 15:21:11,920 autoreload 597 Watching for file changes with StatReloader
INFO 2020-09-03 15:21:13,450 autoreload 597 Watching for file changes with StatReloader
INFO 2020-09-03 15:21:13,898 autoreload 597 Watching for file changes with StatReloader
INFO 2020-09-03 15:21:14,353 autoreload 597 Watching for file changes with StatReloader
INFO 2020-09-03 15:21:20,029 autoreload 217 /home/python/Desktop/42/meiduo/meiduo/settings/dev.py changed, reloading.
INFO 2020-09-03 15:21:20,369 autoreload 217 /home/python/Desktop/42/meiduo/meiduo/settings/dev.py changed, reloading.
INFO 2020-09-03 15:21:20,535 autoreload 217 /home/python/Desktop/42/meiduo/meiduo/settings/dev.py changed, reloading.
INFO 2020-09-03 15:21:20,763 autoreload 217 /home/python/Desktop/42/meiduo/meiduo/settings/dev.py changed, reloading.
INFO 2020-09-03 15:21:21,296 autoreload 597 Watching for file changes with StatReloader
INFO 2020-09-03 15:21:21,942 autoreload 597 Watching for file changes with StatReloader
INFO 2020-09-03 15:21:22,417 autoreload 597 Watching for file changes with StatReloader
INFO 2020-09-03 15:21:22,722 autoreload 597 Watching for file changes with StatReloader
INFO 2020-09-03 15:21:22,785 autoreload 597 Watching for file changes with StatReloader
INFO 2020-09-03 15:22:47,357 autoreload 217 /home/python/Desktop/42/meiduo/meiduo/settings/dev.py changed, reloading.
INFO 2020-09-03 15:22:47,804 autoreload 217 /home/python/Desktop/42/meiduo/meiduo/settings/dev.py changed, reloading.
INFO 2020-09-03 15:22:47,814 autoreload 217 /home/python/Desktop/42/meiduo/meiduo/settings/dev.py changed, reloading.
INFO 2020-09-03 15:22:47,816 autoreload 217 /home/python/Desktop/42/meiduo/meiduo/settings/dev.py changed, reloading.
INFO 2020-09-03 15:22:47,867 autoreload 217 /home/python/Desktop/42/meiduo/meiduo/settings/dev.py changed, reloading.
INFO 2020-09-03 15:22:48,265 autoreload 597 Watching for file changes with StatReloader
INFO 2020-09-03 15:22:50,645 autoreload 597 Watching for file changes with StatReloader
INFO 2020-09-03 15:22:50,648 autoreload 597 Watching for file changes with StatReloader
INFO 2020-09-03 15:22:50,664 autoreload 597 Watching for file changes with StatReloader
INFO 2020-09-03 15:22:50,670 autoreload 597 Watching for file changes with StatReloader
INFO 2020-09-03 15:22:51,437 autoreload 597 Watching for file changes with StatReloader
INFO 2020-09-03 15:23:01,247 autoreload 217 /home/python/Desktop/42/meiduo/meiduo/settings/dev.py changed, reloading.
INFO 2020-09-03 15:23:01,345 autoreload 217 /home/python/Desktop/42/meiduo/meiduo/settings/dev.py changed, reloading.
INFO 2020-09-03 15:23:01,768 autoreload 217 /home/python/Desktop/42/meiduo/meiduo/settings/dev.py changed, reloading.
INFO 2020-09-03 15:23:01,767 autoreload 217 /home/python/Desktop/42/meiduo/meiduo/settings/dev.py changed, reloading.
INFO 2020-09-03 15:23:01,778 autoreload 217 /home/python/Desktop/42/meiduo/meiduo/settings/dev.py changed, reloading.
INFO 2020-09-03 15:23:02,035 autoreload 217 /home/python/Desktop/42/meiduo/meiduo/settings/dev.py changed, reloading.
INFO 2020-09-03 15:23:02,137 autoreload 597 Watching for file changes with StatReloader
INFO 2020-09-03 15:23:04,792 autoreload 597 Watching for file changes with StatReloader
INFO 2020-09-03 15:23:05,143 autoreload 597 Watching for file changes with StatReloader
INFO 2020-09-03 15:23:05,163 autoreload 597 Watching for file changes with StatReloader
INFO 2020-09-03 15:23:05,193 autoreload 597 Watching for file changes with StatReloader
INFO 2020-09-03 15:23:05,384 autoreload 597 Watching for file changes with StatReloader
INFO 2020-09-03 15:23:06,088 autoreload 597 Watching for file changes with StatReloader
INFO 2020-09-03 15:26:47,171 autoreload 217 /home/python/Desktop/42/meiduo/meiduo/settings/dev.py changed, reloading.
INFO 2020-09-03 15:26:47,360 autoreload 217 /home/python/.virtualenvs/meiduo_mall/lib/python3.5/site-packages/django/db/backends/mysql/operations.py changed, reloading.
INFO 2020-09-03 15:26:47,367 autoreload 217 /home/python/Desktop/42/meiduo/meiduo/settings/dev.py changed, reloading.
INFO 2020-09-03 15:26:47,370 autoreload 217 /home/python/.virtualenvs/meiduo_mall/lib/python3.5/site-packages/django/db/backends/mysql/operations.py changed, reloading.
INFO 2020-09-03 15:26:47,622 autoreload 217 /home/python/Desktop/42/meiduo/meiduo/settings/dev.py changed, reloading.
INFO 2020-09-03 15:26:47,976 autoreload 217 /home/python/.virtualenvs/meiduo_mall/lib/python3.5/site-packages/django/db/backends/mysql/operations.py changed, reloading.
INFO 2020-09-03 15:26:48,200 autoreload 217 /home/python/.virtualenvs/meiduo_mall/lib/python3.5/site-packages/django/db/backends/mysql/operations.py changed, reloading.
INFO 2020-09-03 15:26:48,544 autoreload 597 Watching for file changes with StatReloader
INFO 2020-09-03 15:26:51,552 autoreload 597 Watching for file changes with StatReloader
INFO 2020-09-03 15:26:51,749 autoreload 597 Watching for file changes with StatReloader
INFO 2020-09-03 15:26:51,882 autoreload 597 Watching for file changes with StatReloader
INFO 2020-09-03 15:26:51,893 autoreload 597 Watching for file changes with StatReloader
INFO 2020-09-03 15:26:52,213 autoreload 597 Watching for file changes with StatReloader
INFO 2020-09-03 15:26:52,674 autoreload 597 Watching for file changes with StatReloader
INFO 2020-09-03 15:26:53,485 autoreload 597 Watching for file changes with StatReloader
INFO 2020-09-03 15:26:56,776 basehttp 154 "GET / HTTP/1.1" 200 16348
INFO 2020-09-03 15:26:56,883 basehttp 154 "GET /static/admin/css/fonts.css HTTP/1.1" 200 423
INFO 2020-09-03 15:26:56,906 basehttp 154 "GET /static/admin/fonts/Roboto-Bold-webfont.woff HTTP/1.1" 200 86184
INFO 2020-09-03 15:26:56,908 basehttp 154 "GET /static/admin/fonts/Roboto-Regular-webfont.woff HTTP/1.1" 200 85876
INFO 2020-09-03 15:26:56,910 basehttp 154 "GET /static/admin/fonts/Roboto-Light-webfont.woff HTTP/1.1" 200 85692
WARNING 2020-09-03 15:26:57,126 log 228 Not Found: /favicon.ico
WARNING 2020-09-03 15:26:57,126 basehttp 154 "GET /favicon.ico HTTP/1.1" 404 1973
INFO 2020-09-03 15:27:11,705 autoreload 597 Watching for file changes with StatReloader
INFO 2020-09-03 15:27:15,576 basehttp 154 "GET / HTTP/1.1" 200 16348
WARNING 2020-09-03 15:27:15,772 log 228 Not Found: /favicon.ico
WARNING 2020-09-03 15:27:15,774 basehttp 154 "GET /favicon.ico HTTP/1.1" 404 1973
INFO 2020-09-03 15:27:38,917 autoreload 217 /home/python/.virtualenvs/meiduo_mall/lib/python3.5/site-packages/django/db/backends/mysql/operations.py changed, reloading.
INFO 2020-09-03 15:27:39,786 autoreload 597 Watching for file changes with StatReloader
INFO 2020-09-03 15:27:40,418 autoreload 597 Watching for file changes with StatReloader
INFO 2020-09-03 15:27:44,825 basehttp 154 "GET / HTTP/1.1" 200 16348
WARNING 2020-09-03 15:27:45,002 log 228 Not Found: /favicon.ico
WARNING 2020-09-03 15:27:45,004 basehttp 154 "GET /favicon.ico HTTP/1.1" 404 1973
INFO 2020-09-03 15:28:05,655 autoreload 597 Watching for file changes with StatReloader
INFO 2020-09-03 15:28:21,856 basehttp 154 "GET / HTTP/1.1" 200 16348
WARNING 2020-09-03 15:28:21,984 log 228 Not Found: /favicon.ico
WARNING 2020-09-03 15:28:21,987 basehttp 154 "GET /favicon.ico HTTP/1.1" 404 1973
INFO 2020-09-03 15:29:00,804 autoreload 597 Watching for file changes with StatReloader
INFO 2020-09-03 15:30:46,474 basehttp 124 "GET / HTTP/1.1" 200 1716
WARNING 2020-09-03 15:30:46,518 base 152 Not Found: /favicon.ico
WARNING 2020-09-03 15:30:46,521 basehttp 124 "GET /favicon.ico HTTP/1.1" 404 1962
INFO 2020-09-03 15:32:06,298 basehttp 124 "GET / HTTP/1.1" 200 1716
WARNING 2020-09-03 15:32:06,383 base 152 Not Found: /favicon.ico
WARNING 2020-09-03 15:32:06,401 basehttp 124 "GET /favicon.ico HTTP/1.1" 404 1962
INFO 2020-09-03 15:33:21,356 basehttp 124 "GET / HTTP/1.1" 200 1716
WARNING 2020-09-03 15:33:21,485 base 152 Not Found: /favicon.ico
WARNING 2020-09-03 15:33:21,488 basehttp 124 "GET /favicon.ico HTTP/1.1" 404 1962
INFO 2020-09-04 06:56:43,714 basehttp 124 "GET / HTTP/1.1" 200 1716
WARNING 2020-09-04 06:56:43,988 base 152 Not Found: /favicon.ico
WARNING 2020-09-04 06:56:44,015 basehttp 124 "GET /favicon.ico HTTP/1.1" 404 1962
INFO 2020-09-04 07:02:11,040 basehttp 124 "GET / HTTP/1.1" 200 1716
WARNING 2020-09-04 07:02:11,265 base 152 Not Found: /favicon.ico
WARNING 2020-09-04 07:02:11,302 basehttp 124 "GET /favicon.ico HTTP/1.1" 404 1962
WARNING 2020-09-04 07:03:16,803 basehttp 124 "GET /static/images/adv01.jpg HTTP/1.1" 404 1661
INFO 2020-09-04 07:05:06,560 basehttp 124 "GET /static/images/adv01.jpg HTTP/1.1" 200 39831
INFO 2020-09-04 07:05:08,403 basehttp 124 "GET /static/images/adv01.jpg HTTP/1.1" 304 0
INFO 2020-09-04 07:06:09,902 basehttp 124 "GET /static/images/adv01.jpg HTTP/1.1" 304 0
INFO 2020-09-04 07:07:29,731 basehttp 124 "GET / HTTP/1.1" 200 1716
WARNING 2020-09-04 07:07:29,982 base 152 Not Found: /favicon.ico
WARNING 2020-09-04 07:07:29,999 basehttp 124 "GET /favicon.ico HTTP/1.1" 404 1962
INFO 2020-09-04 07:07:34,367 basehttp 124 "GET / HTTP/1.1" 200 1716
INFO 2020-09-04 07:23:32,069 basehttp 124 "GET / HTTP/1.1" 200 1716
WARNING 2020-09-04 07:23:32,185 base 152 Not Found: /favicon.ico
WARNING 2020-09-04 07:23:32,188 basehttp 124 "GET /favicon.ico HTTP/1.1" 404 1962
WARNING 2020-09-04 07:51:39,968 base 152 Not Found: /
WARNING 2020-09-04 07:51:39,991 basehttp 124 "GET / HTTP/1.1" 404 2070
WARNING 2020-09-04 07:51:40,103 base 152 Not Found: /favicon.ico
WARNING 2020-09-04 07:51:40,111 basehttp 124 "GET /favicon.ico HTTP/1.1" 404 2121
INFO 2020-09-04 07:52:02,877 basehttp 124 "GET /register HTTP/1.1" 301 0
INFO 2020-09-04 07:52:02,910 basehttp 124 "GET /register/ HTTP/1.1" 200 2984
INFO 2020-09-04 07:52:02,957 basehttp 124 "GET /static/css/reset.css HTTP/1.1" 200 638
INFO 2020-09-04 07:52:02,961 basehttp 124 "GET /static/css/main.css HTTP/1.1" 200 40091
INFO 2020-09-04 07:52:02,964 basehttp 124 "GET /static/images/logo.png HTTP/1.1" 200 7450
INFO 2020-09-04 07:52:02,980 basehttp 124 "GET /static/images/pic_code.jpg HTTP/1.1" 200 4507
INFO 2020-09-04 07:52:03,099 basehttp 124 "GET /static/images/interval_line.png HTTP/1.1" 200 1123
INFO 2020-09-04 07:52:03,134 basehttp 124 "GET /static/images/icons02.png HTTP/1.1" 200 3935
INFO 2020-09-04 07:52:03,153 basehttp 124 "GET /static/images/register_banner.png HTTP/1.1" 200 54894
WARNING 2020-09-04 09:15:32,783 base 152 Not Found: /
WARNING 2020-09-04 09:15:32,823 basehttp 124 "GET / HTTP/1.1" 404 2087
INFO 2020-09-04 09:15:35,341 basehttp 124 "GET /register/ HTTP/1.1" 200 4696
INFO 2020-09-04 09:15:35,356 basehttp 124 "GET /static/css/reset.css HTTP/1.1" 304 0
INFO 2020-09-04 09:15:35,361 basehttp 124 "GET /static/css/main.css HTTP/1.1" 304 0
INFO 2020-09-04 09:15:35,372 basehttp 124 "GET /static/images/logo.png HTTP/1.1" 304 0
INFO 2020-09-04 09:15:35,376 basehttp 124 "GET /static/images/pic_code.jpg HTTP/1.1" 304 0
INFO 2020-09-04 09:15:35,381 basehttp 124 "GET /static/js/register.js HTTP/1.1" 200 40
INFO 2020-09-04 09:15:44,665 basehttp 124 "GET /register/ HTTP/1.1" 200 4696
INFO 2020-09-04 09:15:44,728 basehttp 124 "GET /static/css/reset.css HTTP/1.1" 304 0
INFO 2020-09-04 09:15:44,744 basehttp 124 "GET /static/css/main.css HTTP/1.1" 304 0
INFO 2020-09-04 09:15:44,752 basehttp 124 "GET /static/images/logo.png HTTP/1.1" 304 0
INFO 2020-09-04 09:15:44,764 basehttp 124 "GET /static/js/register.js HTTP/1.1" 304 0
INFO 2020-09-04 09:15:44,769 basehttp 124 "GET /static/images/pic_code.jpg HTTP/1.1" 304 0
INFO 2020-09-04 09:15:56,703 basehttp 124 "GET /register/ HTTP/1.1" 200 4696
INFO 2020-09-04 09:15:56,780 basehttp 124 "GET /static/css/reset.css HTTP/1.1" 304 0
INFO 2020-09-04 09:15:56,785 basehttp 124 "GET /static/css/main.css HTTP/1.1" 304 0
INFO 2020-09-04 09:15:56,800 basehttp 124 "GET /static/images/logo.png HTTP/1.1" 304 0
INFO 2020-09-04 09:15:56,801 basehttp 124 "GET /static/js/register.js HTTP/1.1" 304 0
INFO 2020-09-04 09:15:56,812 basehttp 124 "GET /static/images/pic_code.jpg HTTP/1.1" 304 0
INFO 2020-09-04 09:19:14,507 basehttp 124 "GET /register/ HTTP/1.1" 200 4896
INFO 2020-09-04 09:19:14,592 basehttp 124 "GET /static/css/reset.css HTTP/1.1" 304 0
INFO 2020-09-04 09:19:14,595 basehttp 124 "GET /static/css/main.css HTTP/1.1" 304 0
INFO 2020-09-04 09:19:14,604 basehttp 124 "GET /static/js/vue-2.5.16.js HTTP/1.1" 200 289307
INFO 2020-09-04 09:19:14,611 basehttp 124 "GET /static/js/axios-0.18.0.min.js HTTP/1.1" 200 12941
INFO 2020-09-04 09:19:14,626 basehttp 124 "GET /static/images/logo.png HTTP/1.1" 304 0
INFO 2020-09-04 09:19:14,647 basehttp 124 "GET /static/js/register.js HTTP/1.1" 304 0
INFO 2020-09-04 09:19:14,650 basehttp 124 "GET /static/images/pic_code.jpg HTTP/1.1" 304 0
WARNING 2020-09-04 09:19:15,099 basehttp 124 "GET /static/js/axios.min.map HTTP/1.1" 404 1661
INFO 2020-09-07 08:37:00,279 basehttp 124 "GET /register/ HTTP/1.1" 200 4896
INFO 2020-09-07 08:37:00,426 basehttp 124 "GET /register/ HTTP/1.1" 200 4896
INFO 2020-09-07 08:37:02,596 basehttp 124 "GET /register/ HTTP/1.1" 200 4896
INFO 2020-09-07 08:37:04,221 basehttp 124 "GET /static/css/main.css HTTP/1.1" 304 0
INFO 2020-09-07 08:37:04,247 basehttp 124 "GET /static/js/vue-2.5.16.js HTTP/1.1" 304 0
INFO 2020-09-07 08:37:04,247 basehttp 124 "GET /static/css/reset.css HTTP/1.1" 304 0
INFO 2020-09-07 08:37:04,249 basehttp 124 "GET /static/js/axios-0.18.0.min.js HTTP/1.1" 304 0
INFO 2020-09-07 08:37:04,255 basehttp 124 "GET /static/images/logo.png HTTP/1.1" 304 0
INFO 2020-09-07 08:37:04,407 basehttp 124 "GET /static/js/register.js HTTP/1.1" 200 837
INFO 2020-09-07 08:37:04,934 basehttp 124 "GET /static/images/pic_code.jpg HTTP/1.1" 304 0
INFO 2020-09-07 08:37:05,444 basehttp 124 "GET /register/ HTTP/1.1" 200 4896
INFO 2020-09-07 08:37:45,031 basehttp 124 "GET /register HTTP/1.1" 301 0
INFO 2020-09-07 08:37:45,042 basehttp 124 "GET /register/ HTTP/1.1" 200 4896
INFO 2020-09-07 08:37:45,113 basehttp 124 "GET /static/js/register.js HTTP/1.1" 304 0
WARNING 2020-09-07 08:37:45,850 base 152 Not Found: /favicon.ico
WARNING 2020-09-07 08:37:45,855 basehttp 124 "GET /favicon.ico HTTP/1.1" 404 2138
INFO 2020-09-07 08:43:02,659 basehttp 124 "GET /register/ HTTP/1.1" 200 4896
INFO 2020-09-07 08:43:02,718 basehttp 124 "GET /static/css/reset.css HTTP/1.1" 304 0
INFO 2020-09-07 08:43:02,720 basehttp 124 "GET /static/css/main.css HTTP/1.1" 304 0
INFO 2020-09-07 08:43:02,721 basehttp 124 "GET /static/js/vue-2.5.16.js HTTP/1.1" 304 0
INFO 2020-09-07 08:43:02,726 basehttp 124 "GET /static/js/axios-0.18.0.min.js HTTP/1.1" 304 0
INFO 2020-09-07 08:43:02,732 basehttp 124 "GET /static/images/logo.png HTTP/1.1" 304 0
INFO 2020-09-07 08:43:02,754 basehttp 124 "GET /static/images/pic_code.jpg HTTP/1.1" 304 0
INFO 2020-09-07 08:43:02,759 basehttp 124 "GET /static/js/register.js HTTP/1.1" 200 2408
INFO 2020-09-07 08:47:10,470 basehttp 124 "GET /register/ HTTP/1.1" 200 4896
INFO 2020-09-07 08:47:10,525 basehttp 124 "GET /static/css/reset.css HTTP/1.1" 304 0
INFO 2020-09-07 08:47:10,531 basehttp 124 "GET /static/css/main.css HTTP/1.1" 304 0
INFO 2020-09-07 08:47:10,538 basehttp 124 "GET /static/js/vue-2.5.16.js HTTP/1.1" 304 0
INFO 2020-09-07 08:47:10,550 basehttp 124 "GET /static/js/axios-0.18.0.min.js HTTP/1.1" 304 0
INFO 2020-09-07 08:47:10,551 basehttp 124 "GET /static/images/logo.png HTTP/1.1" 304 0
INFO 2020-09-07 08:47:10,557 basehttp 124 "GET /static/js/register.js HTTP/1.1" 200 2473
INFO 2020-09-07 08:47:10,573 basehttp 124 "GET /static/images/pic_code.jpg HTTP/1.1" 304 0
WARNING 2020-09-08 07:34:08,223 base 152 Not Found: /
WARNING 2020-09-08 07:34:08,247 basehttp 124 "GET / HTTP/1.1" 404 2087
WARNING 2020-09-08 07:34:08,390 base 152 Not Found: /favicon.ico
WARNING 2020-09-08 07:34:08,393 basehttp 124 "GET /favicon.ico HTTP/1.1" 404 2138
INFO 2020-09-08 07:35:15,367 basehttp 124 "GET /register/ HTTP/1.1" 200 4896
INFO 2020-09-08 07:35:15,385 basehttp 124 "GET /static/js/register.js HTTP/1.1" 304 0
INFO 2020-09-08 07:36:20,164 basehttp 124 "GET /register/ HTTP/1.1" 200 4896
INFO 2020-09-08 07:36:20,182 basehttp 124 "GET /static/css/reset.css HTTP/1.1" 304 0
INFO 2020-09-08 07:36:20,184 basehttp 124 "GET /static/css/main.css HTTP/1.1" 304 0
INFO 2020-09-08 07:36:20,198 basehttp 124 "GET /static/js/vue-2.5.16.js HTTP/1.1" 304 0
INFO 2020-09-08 07:36:20,200 basehttp 124 "GET /static/js/axios-0.18.0.min.js HTTP/1.1" 304 0
INFO 2020-09-08 07:36:20,213 basehttp 124 "GET /static/images/logo.png HTTP/1.1" 304 0
INFO 2020-09-08 07:36:20,221 basehttp 124 "GET /static/js/register.js HTTP/1.1" 304 0
INFO 2020-09-08 07:36:20,226 basehttp 124 "GET /static/images/pic_code.jpg HTTP/1.1" 304 0
INFO 2020-09-08 07:36:36,227 basehttp 124 "GET /register/ HTTP/1.1" 200 4896
INFO 2020-09-08 07:36:36,279 basehttp 124 "GET /static/css/reset.css HTTP/1.1" 304 0
INFO 2020-09-08 07:36:36,281 basehttp 124 "GET /static/css/main.css HTTP/1.1" 304 0
INFO 2020-09-08 07:36:36,282 basehttp 124 "GET /static/js/vue-2.5.16.js HTTP/1.1" 304 0
INFO 2020-09-08 07:36:36,287 basehttp 124 "GET /static/js/axios-0.18.0.min.js HTTP/1.1" 304 0
INFO 2020-09-08 07:36:36,291 basehttp 124 "GET /static/images/logo.png HTTP/1.1" 304 0
INFO 2020-09-08 07:36:36,297 basehttp 124 "GET /static/js/register.js HTTP/1.1" 304 0
INFO 2020-09-08 07:36:36,301 basehttp 124 "GET /static/images/pic_code.jpg HTTP/1.1" 304 0
INFO 2020-09-08 07:37:07,667 basehttp 124 "GET /register/ HTTP/1.1" 200 4896
INFO 2020-09-08 07:37:07,726 basehttp 124 "GET /static/css/reset.css HTTP/1.1" 304 0
INFO 2020-09-08 07:37:07,731 basehttp 124 "GET /static/css/main.css HTTP/1.1" 304 0
INFO 2020-09-08 07:37:07,744 basehttp 124 "GET /static/js/vue-2.5.16.js HTTP/1.1" 304 0
INFO 2020-09-08 07:37:07,757 basehttp 124 "GET /static/js/axios-0.18.0.min.js HTTP/1.1" 304 0
INFO 2020-09-08 07:37:07,762 basehttp 124 "GET /static/images/logo.png HTTP/1.1" 304 0
INFO 2020-09-08 07:37:07,770 basehttp 124 "GET /static/js/register.js HTTP/1.1" 304 0
INFO 2020-09-08 07:37:07,773 basehttp 124 "GET /static/images/pic_code.jpg HTTP/1.1" 304 0
WARNING 2020-09-08 07:37:08,237 basehttp 124 "GET /static/js/axios.min.map HTTP/1.1" 404 1661
INFO 2020-09-08 07:40:21,007 basehttp 124 "GET /register/ HTTP/1.1" 200 4896
INFO 2020-09-08 07:40:21,093 basehttp 124 "GET /static/css/reset.css HTTP/1.1" 304 0
INFO 2020-09-08 07:40:21,097 basehttp 124 "GET /static/css/main.css HTTP/1.1" 304 0
INFO 2020-09-08 07:40:21,101 basehttp 124 "GET /static/js/vue-2.5.16.js HTTP/1.1" 304 0
INFO 2020-09-08 07:40:21,107 basehttp 124 "GET /static/js/axios-0.18.0.min.js HTTP/1.1" 304 0
INFO 2020-09-08 07:40:21,112 basehttp 124 "GET /static/images/logo.png HTTP/1.1" 304 0
INFO 2020-09-08 07:40:21,127 basehttp 124 "GET /static/js/register.js HTTP/1.1" 200 2511
INFO 2020-09-08 07:40:21,131 basehttp 124 "GET /static/images/pic_code.jpg HTTP/1.1" 304 0
WARNING 2020-09-08 07:40:21,712 basehttp 124 "GET /static/js/axios.min.map HTTP/1.1" 404 1661
INFO 2020-09-08 07:40:34,636 basehttp 124 "GET /register/ HTTP/1.1" 200 4896
INFO 2020-09-08 07:40:34,697 basehttp 124 "GET /static/css/reset.css HTTP/1.1" 200 638
INFO 2020-09-08 07:40:34,710 basehttp 124 "GET /static/css/main.css HTTP/1.1" 200 40091
INFO 2020-09-08 07:40:34,731 basehttp 124 "GET /static/js/vue-2.5.16.js HTTP/1.1" 200 289307
INFO 2020-09-08 07:40:34,733 basehttp 124 "GET /static/js/axios-0.18.0.min.js HTTP/1.1" 200 12941
INFO 2020-09-08 07:40:34,737 basehttp 124 "GET /static/images/logo.png HTTP/1.1" 200 7450
INFO 2020-09-08 07:40:34,741 basehttp 124 "GET /static/js/register.js HTTP/1.1" 200 2511
INFO 2020-09-08 07:40:34,743 basehttp 124 "GET /static/images/pic_code.jpg HTTP/1.1" 200 4507
WARNING 2020-09-08 07:40:34,955 basehttp 124 "GET /static/js/axios.min.map HTTP/1.1" 404 1661
INFO 2020-09-08 07:40:35,055 basehttp 124 "GET /static/images/interval_line.png HTTP/1.1" 200 1123
INFO 2020-09-08 07:40:35,091 basehttp 124 "GET /static/images/register_banner.png HTTP/1.1" 200 54894
INFO 2020-09-08 07:40:35,098 basehttp 124 "GET /static/images/icons02.png HTTP/1.1" 200 3935
INFO 2020-09-08 07:44:23,310 basehttp 124 "GET /register/ HTTP/1.1" 200 4897
INFO 2020-09-08 07:44:23,354 basehttp 124 "GET /static/css/reset.css HTTP/1.1" 200 638
INFO 2020-09-08 07:44:23,361 basehttp 124 "GET /static/css/main.css HTTP/1.1" 200 40091
INFO 2020-09-08 07:44:23,380 basehttp 124 "GET /static/js/vue-2.5.16.js HTTP/1.1" 200 289307
INFO 2020-09-08 07:44:23,381 basehttp 124 "GET /static/js/axios-0.18.0.min.js HTTP/1.1" 200 12941
INFO 2020-09-08 07:44:23,405 basehttp 124 "GET /static/images/logo.png HTTP/1.1" 200 7450
INFO 2020-09-08 07:44:23,412 basehttp 124 "GET /static/js/register.js HTTP/1.1" 200 2511
INFO 2020-09-08 07:44:23,417 basehttp 124 "GET /static/images/pic_code.jpg HTTP/1.1" 200 4507
INFO 2020-09-08 07:44:23,560 basehttp 124 "GET /static/images/interval_line.png HTTP/1.1" 200 1123
INFO 2020-09-08 07:44:23,567 basehttp 124 "GET /static/images/register_banner.png HTTP/1.1" 200 54894
INFO 2020-09-08 07:44:23,573 basehttp 124 "GET /static/images/icons02.png HTTP/1.1" 200 3935
WARNING 2020-09-08 07:44:23,854 basehttp 124 "GET /static/js/axios.min.map HTTP/1.1" 404 1661
ERROR 2020-09-08 07:44:40,976 exception 135 Internal Server Error: /register/
Traceback (most recent call last):
  File "/home/python/.virtualenvs/meiduo_mall/lib/python3.5/site-packages/django/core/handlers/exception.py", line 41, in inner
    response = get_response(request)
  File "/home/python/.virtualenvs/meiduo_mall/lib/python3.5/site-packages/django/core/handlers/base.py", line 187, in _get_response
    response = self.process_exception_by_middleware(e, request)
  File "/home/python/.virtualenvs/meiduo_mall/lib/python3.5/site-packages/django/core/handlers/base.py", line 185, in _get_response
    response = wrapped_callback(request, *callback_args, **callback_kwargs)
  File "/home/python/.virtualenvs/meiduo_mall/lib/python3.5/site-packages/django/views/generic/base.py", line 68, in view
    return self.dispatch(request, *args, **kwargs)
  File "/home/python/.virtualenvs/meiduo_mall/lib/python3.5/site-packages/django/views/generic/base.py", line 88, in dispatch
    return handler(request, *args, **kwargs)
  File "/home/python/Desktop/42/meiduo/meiduo/apps/users/views.py", line 13, in post
    request.POST.get()
TypeError: get() missing 1 required positional argument: 'key'
ERROR 2020-09-08 07:44:41,078 basehttp 124 "POST /register/ HTTP/1.1" 500 83389
WARNING 2020-09-08 08:13:34,162 base 152 Not Found: /
WARNING 2020-09-08 08:13:34,181 basehttp 124 "GET / HTTP/1.1" 404 2087
INFO 2020-09-08 08:13:37,801 basehttp 124 "GET /register HTTP/1.1" 301 0
INFO 2020-09-08 08:13:37,860 basehttp 124 "GET /register/ HTTP/1.1" 200 4897
INFO 2020-09-08 08:13:37,895 basehttp 124 "GET /static/js/register.js HTTP/1.1" 200 2513
WARNING 2020-09-08 08:21:56,847 base 152 Not Found: /
WARNING 2020-09-08 08:21:56,864 basehttp 124 "GET / HTTP/1.1" 404 2087
INFO 2020-09-08 08:22:00,419 basehttp 124 "GET /register/ HTTP/1.1" 200 4897
INFO 2020-09-08 08:22:00,445 basehttp 124 "GET /static/js/register.js HTTP/1.1" 304 0
INFO 2020-09-08 08:22:15,804 basehttp 124 "POST /register/ HTTP/1.1" 200 27
INFO 2020-09-08 08:35:23,885 basehttp 124 "GET / HTTP/1.1" 200 39137
INFO 2020-09-08 08:35:23,895 basehttp 124 "GET /static/js/jquery-1.12.4.min.js HTTP/1.1" 200 97163
INFO 2020-09-08 08:35:23,913 basehttp 124 "GET /static/images/goods/goods001.jpg HTTP/1.1" 200 5391
INFO 2020-09-08 08:35:23,927 basehttp 124 "GET /static/images/goods/goods002.jpg HTTP/1.1" 200 5377
INFO 2020-09-08 08:35:23,932 basehttp 124 "GET /static/images/slide01.jpg HTTP/1.1" 200 67813
INFO 2020-09-08 08:35:23,935 basehttp 124 "GET /static/images/slide02.jpg HTTP/1.1" 200 89905
INFO 2020-09-08 08:35:23,939 basehttp 124 "GET /static/images/slide03.jpg HTTP/1.1" 200 70152
INFO 2020-09-08 08:35:23,948 basehttp 124 "GET /static/images/slide04.jpg HTTP/1.1" 200 107973
INFO 2020-09-08 08:35:23,961 basehttp 124 "GET /static/js/common.js HTTP/1.1" 200 891
INFO 2020-09-08 08:35:23,965 basehttp 124 "GET /static/js/slide.js HTTP/1.1" 200 1822
INFO 2020-09-08 08:35:23,980 basehttp 124 "GET /static/js/index.js HTTP/1.1" 200 1143
INFO 2020-09-08 08:35:23,994 basehttp 124 "GET /static/images/banner01.jpg HTTP/1.1" 200 23658
INFO 2020-09-08 08:35:24,005 basehttp 124 "GET /static/images/goods/goods003.jpg HTTP/1.1" 200 8579
INFO 2020-09-08 08:35:24,012 basehttp 124 "GET /static/images/goods/goods004.jpg HTTP/1.1" 200 6565
INFO 2020-09-08 08:35:24,021 basehttp 124 "GET /static/images/goods/goods005.jpg HTTP/1.1" 200 7578
INFO 2020-09-08 08:35:24,043 basehttp 124 "GET /static/images/banner02.jpg HTTP/1.1" 200 26729
INFO 2020-09-08 08:35:24,049 basehttp 124 "GET /static/images/goods/goods008.jpg HTTP/1.1" 200 7072
INFO 2020-09-08 08:35:24,051 basehttp 124 "GET /static/images/banner03.jpg HTTP/1.1" 200 22681
INFO 2020-09-08 08:35:24,058 basehttp 124 "GET /static/images/goods/goods009.jpg HTTP/1.1" 200 8738
INFO 2020-09-08 08:35:24,241 basehttp 124 "GET /static/images/icons.png HTTP/1.1" 200 7740
INFO 2020-09-08 08:35:30,607 basehttp 124 "GET / HTTP/1.1" 200 39137
INFO 2020-09-08 08:35:30,754 basehttp 124 "GET /static/css/reset.css HTTP/1.1" 304 0
INFO 2020-09-08 08:35:30,762 basehttp 124 "GET /static/css/main.css HTTP/1.1" 304 0
INFO 2020-09-08 08:35:30,771 basehttp 124 "GET /static/js/jquery-1.12.4.min.js HTTP/1.1" 304 0
INFO 2020-09-08 08:35:30,775 basehttp 124 "GET /static/js/vue-2.5.16.js HTTP/1.1" 304 0
INFO 2020-09-08 08:35:30,781 basehttp 124 "GET /static/js/axios-0.18.0.min.js HTTP/1.1" 304 0
INFO 2020-09-08 08:35:30,790 basehttp 124 "GET /static/images/logo.png HTTP/1.1" 304 0
INFO 2020-09-08 08:35:30,798 basehttp 124 "GET /static/js/common.js HTTP/1.1" 304 0
INFO 2020-09-08 08:35:30,803 basehttp 124 "GET /static/js/index.js HTTP/1.1" 304 0
INFO 2020-09-08 08:35:30,809 basehttp 124 "GET /static/js/slide.js HTTP/1.1" 304 0
INFO 2020-09-08 08:35:30,824 basehttp 124 "GET /static/images/goods/goods001.jpg HTTP/1.1" 304 0
INFO 2020-09-08 08:35:30,837 basehttp 124 "GET /static/images/goods/goods002.jpg HTTP/1.1" 304 0
INFO 2020-09-08 08:35:30,852 basehttp 124 "GET /static/images/slide01.jpg HTTP/1.1" 304 0
INFO 2020-09-08 08:35:30,918 basehttp 124 "GET /static/images/slide02.jpg HTTP/1.1" 304 0
INFO 2020-09-08 08:35:30,919 basehttp 124 "GET /static/images/slide03.jpg HTTP/1.1" 304 0
INFO 2020-09-08 08:35:30,934 basehttp 124 "GET /static/images/slide04.jpg HTTP/1.1" 304 0
INFO 2020-09-08 08:35:30,945 basehttp 124 "GET /static/images/adv01.jpg HTTP/1.1" 304 0
INFO 2020-09-08 08:35:30,956 basehttp 124 "GET /static/images/banner01.jpg HTTP/1.1" 304 0
INFO 2020-09-08 08:35:30,961 basehttp 124 "GET /static/images/goods/goods003.jpg HTTP/1.1" 304 0
INFO 2020-09-08 08:35:30,967 basehttp 124 "GET /static/images/goods/goods004.jpg HTTP/1.1" 304 0
INFO 2020-09-08 08:35:30,986 basehttp 124 "GET /static/images/goods/goods005.jpg HTTP/1.1" 304 0
INFO 2020-09-08 08:35:30,992 basehttp 124 "GET /static/images/banner02.jpg HTTP/1.1" 304 0
INFO 2020-09-08 08:35:31,013 basehttp 124 "GET /static/images/banner03.jpg HTTP/1.1" 304 0
INFO 2020-09-08 08:35:31,014 basehttp 124 "GET /static/images/goods/goods008.jpg HTTP/1.1" 304 0
INFO 2020-09-08 08:35:31,024 basehttp 124 "GET /static/images/goods/goods009.jpg HTTP/1.1" 304 0
WARNING 2020-09-08 08:35:31,336 basehttp 124 "GET /static/js/axios.min.map HTTP/1.1" 404 1661
INFO 2020-09-08 08:38:18,148 basehttp 124 "GET / HTTP/1.1" 200 39137
INFO 2020-09-08 08:38:24,155 basehttp 124 "GET /register/ HTTP/1.1" 200 4897
INFO 2020-09-08 08:38:24,176 basehttp 124 "GET /static/js/register.js HTTP/1.1" 304 0
ERROR 2020-09-08 08:38:41,820 exception 135 Internal Server Error: /register/
Traceback (most recent call last):
  File "/home/python/.virtualenvs/meiduo_mall/lib/python3.5/site-packages/django/urls/base.py", line 77, in reverse
    extra, resolver = resolver.namespace_dict[ns]
KeyError: 'contents'

During handling of the above exception, another exception occurred:

Traceback (most recent call last):
  File "/home/python/.virtualenvs/meiduo_mall/lib/python3.5/site-packages/django/core/handlers/exception.py", line 41, in inner
    response = get_response(request)
  File "/home/python/.virtualenvs/meiduo_mall/lib/python3.5/site-packages/django/core/handlers/base.py", line 187, in _get_response
    response = self.process_exception_by_middleware(e, request)
  File "/home/python/.virtualenvs/meiduo_mall/lib/python3.5/site-packages/django/core/handlers/base.py", line 185, in _get_response
    response = wrapped_callback(request, *callback_args, **callback_kwargs)
  File "/home/python/.virtualenvs/meiduo_mall/lib/python3.5/site-packages/django/views/generic/base.py", line 68, in view
    return self.dispatch(request, *args, **kwargs)
  File "/home/python/.virtualenvs/meiduo_mall/lib/python3.5/site-packages/django/views/generic/base.py", line 88, in dispatch
    return handler(request, *args, **kwargs)
  File "/home/python/Desktop/42/meiduo/meiduo/apps/users/views.py", line 57, in post
    return redirect(reverse('contents:index'))
  File "/home/python/.virtualenvs/meiduo_mall/lib/python3.5/site-packages/django/urls/base.py", line 87, in reverse
    raise NoReverseMatch("%s is not a registered namespace" % key)
django.urls.exceptions.NoReverseMatch: 'contents' is not a registered namespace
ERROR 2020-09-08 08:38:42,029 basehttp 124 "POST /register/ HTTP/1.1" 500 96016
INFO 2020-09-08 08:39:06,249 basehttp 124 "POST /register/ HTTP/1.1" 200 4897
INFO 2020-09-08 08:39:06,290 basehttp 124 "GET /static/images/logo.png HTTP/1.1" 304 0
INFO 2020-09-08 08:39:06,291 basehttp 124 "GET /static/images/pic_code.jpg HTTP/1.1" 304 0
INFO 2020-09-08 08:39:06,350 basehttp 124 "GET /static/images/interval_line.png HTTP/1.1" 304 0
INFO 2020-09-08 08:39:06,352 basehttp 124 "GET /static/images/register_banner.png HTTP/1.1" 304 0
INFO 2020-09-08 08:39:06,354 basehttp 124 "GET /static/images/icons02.png HTTP/1.1" 304 0
INFO 2020-09-08 08:39:18,584 basehttp 124 "POST /register/ HTTP/1.1" 200 4897
INFO 2020-09-08 08:41:00,389 basehttp 124 "POST /register/ HTTP/1.1" 200 4897
INFO 2020-09-08 08:41:00,413 basehttp 124 "GET /static/css/reset.css HTTP/1.1" 304 0
INFO 2020-09-08 08:41:00,416 basehttp 124 "GET /static/css/main.css HTTP/1.1" 304 0
INFO 2020-09-08 08:41:00,420 basehttp 124 "GET /static/js/vue-2.5.16.js HTTP/1.1" 304 0
INFO 2020-09-08 08:41:00,426 basehttp 124 "GET /static/js/axios-0.18.0.min.js HTTP/1.1" 304 0
INFO 2020-09-08 08:41:00,428 basehttp 124 "GET /static/images/logo.png HTTP/1.1" 304 0
INFO 2020-09-08 08:41:00,437 basehttp 124 "GET /static/js/register.js HTTP/1.1" 304 0
INFO 2020-09-08 08:41:00,454 basehttp 124 "GET /static/images/pic_code.jpg HTTP/1.1" 304 0
INFO 2020-09-08 08:41:13,417 basehttp 124 "POST /register/ HTTP/1.1" 302 0
INFO 2020-09-08 08:41:13,441 basehttp 124 "GET / HTTP/1.1" 200 39137
INFO 2020-09-08 08:46:19,328 basehttp 124 "GET / HTTP/1.1" 200 39137
INFO 2020-09-08 08:46:22,930 basehttp 124 "GET /register/ HTTP/1.1" 200 4926
INFO 2020-09-08 08:46:22,948 basehttp 124 "GET /static/js/register.js HTTP/1.1" 304 0
INFO 2020-09-08 08:46:36,179 basehttp 124 "POST /register/ HTTP/1.1" 200 5031
INFO 2020-09-08 08:57:55,608 basehttp 124 "POST /register/ HTTP/1.1" 200 5031
INFO 2020-09-08 08:57:55,648 basehttp 124 "GET /static/images/logo.png HTTP/1.1" 304 0
INFO 2020-09-08 08:57:55,651 basehttp 124 "GET /static/js/register.js HTTP/1.1" 304 0
INFO 2020-09-08 08:57:55,654 basehttp 124 "GET /static/images/pic_code.jpg HTTP/1.1" 304 0
INFO 2020-09-08 08:57:55,764 basehttp 124 "GET /static/images/interval_line.png HTTP/1.1" 304 0
INFO 2020-09-08 08:57:55,767 basehttp 124 "GET /static/images/register_banner.png HTTP/1.1" 304 0
INFO 2020-09-08 08:57:55,798 basehttp 124 "GET /static/images/icons02.png HTTP/1.1" 304 0
WARNING 2020-09-08 08:58:11,789 csrf 160 Forbidden (CSRF cookie not set.): /register/
WARNING 2020-09-08 08:58:11,812 basehttp 124 "POST /register/ HTTP/1.1" 403 2857
WARNING 2020-09-08 09:00:46,539 csrf 160 Forbidden (CSRF cookie not set.): /register/
WARNING 2020-09-08 09:00:46,557 basehttp 124 "POST /register/ HTTP/1.1" 403 2857
INFO 2020-09-08 09:01:06,590 basehttp 124 "GET / HTTP/1.1" 200 39137
INFO 2020-09-08 09:01:06,622 basehttp 124 "GET /static/css/reset.css HTTP/1.1" 200 638
INFO 2020-09-08 09:01:06,635 basehttp 124 "GET /static/css/main.css HTTP/1.1" 200 40091
INFO 2020-09-08 09:01:06,662 basehttp 124 "GET /static/js/jquery-1.12.4.min.js HTTP/1.1" 200 97163
INFO 2020-09-08 09:01:06,698 basehttp 124 "GET /static/js/vue-2.5.16.js HTTP/1.1" 200 289307
INFO 2020-09-08 09:01:06,703 basehttp 124 "GET /static/js/axios-0.18.0.min.js HTTP/1.1" 200 12941
INFO 2020-09-08 09:01:06,711 basehttp 124 "GET /static/images/logo.png HTTP/1.1" 200 7450
INFO 2020-09-08 09:01:06,714 basehttp 124 "GET /static/js/common.js HTTP/1.1" 200 891
INFO 2020-09-08 09:01:06,721 basehttp 124 "GET /static/js/slide.js HTTP/1.1" 200 1822
INFO 2020-09-08 09:01:06,730 basehttp 124 "GET /static/js/index.js HTTP/1.1" 200 1143
INFO 2020-09-08 09:01:06,742 basehttp 124 "GET /static/images/goods/goods001.jpg HTTP/1.1" 200 5391
INFO 2020-09-08 09:01:06,749 basehttp 124 "GET /static/images/goods/goods002.jpg HTTP/1.1" 200 5377
INFO 2020-09-08 09:01:06,753 basehttp 124 "GET /static/images/slide01.jpg HTTP/1.1" 200 67813
INFO 2020-09-08 09:01:06,775 basehttp 124 "GET /static/images/slide02.jpg HTTP/1.1" 200 89905
INFO 2020-09-08 09:01:06,780 basehttp 124 "GET /static/images/slide03.jpg HTTP/1.1" 200 70152
INFO 2020-09-08 09:01:06,786 basehttp 124 "GET /static/images/slide04.jpg HTTP/1.1" 200 107973
INFO 2020-09-08 09:01:06,797 basehttp 124 "GET /static/images/adv01.jpg HTTP/1.1" 200 39831
INFO 2020-09-08 09:01:06,800 basehttp 124 "GET /static/images/banner01.jpg HTTP/1.1" 200 23658
INFO 2020-09-08 09:01:06,813 basehttp 124 "GET /static/images/goods/goods003.jpg HTTP/1.1" 200 8579
INFO 2020-09-08 09:01:06,823 basehttp 124 "GET /static/images/goods/goods004.jpg HTTP/1.1" 200 6565
INFO 2020-09-08 09:01:06,830 basehttp 124 "GET /static/images/goods/goods005.jpg HTTP/1.1" 200 7578
INFO 2020-09-08 09:01:06,836 basehttp 124 "GET /static/images/banner02.jpg HTTP/1.1" 200 26729
INFO 2020-09-08 09:01:06,846 basehttp 124 "GET /static/images/goods/goods008.jpg HTTP/1.1" 200 7072
INFO 2020-09-08 09:01:06,852 basehttp 124 "GET /static/images/banner03.jpg HTTP/1.1" 200 22681
INFO 2020-09-08 09:01:06,857 basehttp 124 "GET /static/images/goods/goods009.jpg HTTP/1.1" 200 8738
INFO 2020-09-08 09:01:07,011 basehttp 124 "GET /static/images/icons.png HTTP/1.1" 200 7740
WARNING 2020-09-08 09:01:07,710 base 152 Not Found: /favicon.ico
WARNING 2020-09-08 09:01:07,714 basehttp 124 "GET /favicon.ico HTTP/1.1" 404 2302
INFO 2020-09-08 09:01:09,729 basehttp 124 "GET /register HTTP/1.1" 301 0
INFO 2020-09-08 09:01:09,738 basehttp 124 "GET /register/ HTTP/1.1" 200 4926
INFO 2020-09-08 09:01:09,772 basehttp 124 "GET /static/images/pic_code.jpg HTTP/1.1" 200 4507
INFO 2020-09-08 09:01:09,776 basehttp 124 "GET /static/js/register.js HTTP/1.1" 200 2513
INFO 2020-09-08 09:01:09,875 basehttp 124 "GET /static/images/interval_line.png HTTP/1.1" 200 1123
INFO 2020-09-08 09:01:09,877 basehttp 124 "GET /static/images/register_banner.png HTTP/1.1" 200 54894
INFO 2020-09-08 09:01:09,891 basehttp 124 "GET /static/images/icons02.png HTTP/1.1" 200 3935
INFO 2020-09-08 09:01:35,228 basehttp 124 "POST /register/ HTTP/1.1" 200 5031
INFO 2020-09-08 09:01:57,707 basehttp 124 "POST /register/ HTTP/1.1" 200 5031
WARNING 2020-09-08 09:02:00,907 basehttp 124 "GET /static/js/axios.min.map HTTP/1.1" 404 1661
INFO 2020-09-08 09:02:41,547 basehttp 124 "POST /register/ HTTP/1.1" 200 5031
INFO 2020-09-08 09:02:41,625 basehttp 124 "GET /static/css/reset.css HTTP/1.1" 304 0
INFO 2020-09-08 09:02:41,635 basehttp 124 "GET /static/css/main.css HTTP/1.1" 304 0
INFO 2020-09-08 09:02:41,638 basehttp 124 "GET /static/js/vue-2.5.16.js HTTP/1.1" 304 0
INFO 2020-09-08 09:02:41,651 basehttp 124 "GET /static/js/axios-0.18.0.min.js HTTP/1.1" 304 0
INFO 2020-09-08 09:02:41,654 basehttp 124 "GET /static/images/logo.png HTTP/1.1" 304 0
INFO 2020-09-08 09:02:41,675 basehttp 124 "GET /static/js/register.js HTTP/1.1" 304 0
INFO 2020-09-08 09:02:41,685 basehttp 124 "GET /static/images/pic_code.jpg HTTP/1.1" 304 0
WARNING 2020-09-08 09:02:41,912 basehttp 124 "GET /static/js/axios.min.map HTTP/1.1" 404 1661
INFO 2020-09-08 09:02:57,872 basehttp 124 "POST /register/ HTTP/1.1" 200 5031
WARNING 2020-09-08 09:02:58,051 basehttp 124 "GET /static/js/axios.min.map HTTP/1.1" 404 1661
ERROR 2020-09-08 09:03:44,044 exception 135 Internal Server Error: /register/
Traceback (most recent call last):
  File "/home/python/.virtualenvs/meiduo_mall/lib/python3.5/site-packages/django/db/backends/utils.py", line 64, in execute
    return self.cursor.execute(sql, params)
  File "/home/python/.virtualenvs/meiduo_mall/lib/python3.5/site-packages/django/db/backends/mysql/base.py", line 101, in execute
    return self.cursor.execute(query, args)
  File "/home/python/.virtualenvs/meiduo_mall/lib/python3.5/site-packages/pymysql/cursors.py", line 163, in execute
    result = self._query(query)
  File "/home/python/.virtualenvs/meiduo_mall/lib/python3.5/site-packages/pymysql/cursors.py", line 321, in _query
    conn.query(q)
  File "/home/python/.virtualenvs/meiduo_mall/lib/python3.5/site-packages/pymysql/connections.py", line 505, in query
    self._affected_rows = self._read_query_result(unbuffered=unbuffered)
  File "/home/python/.virtualenvs/meiduo_mall/lib/python3.5/site-packages/pymysql/connections.py", line 724, in _read_query_result
    result.read()
  File "/home/python/.virtualenvs/meiduo_mall/lib/python3.5/site-packages/pymysql/connections.py", line 1069, in read
    first_packet = self.connection._read_packet()
  File "/home/python/.virtualenvs/meiduo_mall/lib/python3.5/site-packages/pymysql/connections.py", line 676, in _read_packet
    packet.raise_for_error()
  File "/home/python/.virtualenvs/meiduo_mall/lib/python3.5/site-packages/pymysql/protocol.py", line 223, in raise_for_error
    err.raise_mysql_exception(self._data)
  File "/home/python/.virtualenvs/meiduo_mall/lib/python3.5/site-packages/pymysql/err.py", line 107, in raise_mysql_exception
    raise errorclass(errno, errval)
pymysql.err.IntegrityError: (1062, "Duplicate entry '17070897847' for key 'mobile'")

The above exception was the direct cause of the following exception:

Traceback (most recent call last):
  File "/home/python/.virtualenvs/meiduo_mall/lib/python3.5/site-packages/django/core/handlers/exception.py", line 41, in inner
    response = get_response(request)
  File "/home/python/.virtualenvs/meiduo_mall/lib/python3.5/site-packages/django/core/handlers/base.py", line 187, in _get_response
    response = self.process_exception_by_middleware(e, request)
  File "/home/python/.virtualenvs/meiduo_mall/lib/python3.5/site-packages/django/core/handlers/base.py", line 185, in _get_response
    response = wrapped_callback(request, *callback_args, **callback_kwargs)
  File "/home/python/.virtualenvs/meiduo_mall/lib/python3.5/site-packages/django/views/generic/base.py", line 68, in view
    return self.dispatch(request, *args, **kwargs)
  File "/home/python/.virtualenvs/meiduo_mall/lib/python3.5/site-packages/django/views/generic/base.py", line 88, in dispatch
    return handler(request, *args, **kwargs)
  File "/home/python/Desktop/42/meiduo/meiduo/apps/users/views.py", line 49, in post
    user = User.objects.create_user(username=username, password=password, mobile=mobile)
  File "/home/python/.virtualenvs/meiduo_mall/lib/python3.5/site-packages/django/contrib/auth/models.py", line 159, in create_user
    return self._create_user(username, email, password, **extra_fields)
  File "/home/python/.virtualenvs/meiduo_mall/lib/python3.5/site-packages/django/contrib/auth/models.py", line 153, in _create_user
    user.save(using=self._db)
  File "/home/python/.virtualenvs/meiduo_mall/lib/python3.5/site-packages/django/contrib/auth/base_user.py", line 80, in save
    super(AbstractBaseUser, self).save(*args, **kwargs)
  File "/home/python/.virtualenvs/meiduo_mall/lib/python3.5/site-packages/django/db/models/base.py", line 808, in save
    force_update=force_update, update_fields=update_fields)
  File "/home/python/.virtualenvs/meiduo_mall/lib/python3.5/site-packages/django/db/models/base.py", line 838, in save_base
    updated = self._save_table(raw, cls, force_insert, force_update, using, update_fields)
  File "/home/python/.virtualenvs/meiduo_mall/lib/python3.5/site-packages/django/db/models/base.py", line 924, in _save_table
    result = self._do_insert(cls._base_manager, using, fields, update_pk, raw)
  File "/home/python/.virtualenvs/meiduo_mall/lib/python3.5/site-packages/django/db/models/base.py", line 963, in _do_insert
    using=using, raw=raw)
  File "/home/python/.virtualenvs/meiduo_mall/lib/python3.5/site-packages/django/db/models/manager.py", line 85, in manager_method
    return getattr(self.get_queryset(), name)(*args, **kwargs)
  File "/home/python/.virtualenvs/meiduo_mall/lib/python3.5/site-packages/django/db/models/query.py", line 1076, in _insert
    return query.get_compiler(using=using).execute_sql(return_id)
  File "/home/python/.virtualenvs/meiduo_mall/lib/python3.5/site-packages/django/db/models/sql/compiler.py", line 1112, in execute_sql
    cursor.execute(sql, params)
  File "/home/python/.virtualenvs/meiduo_mall/lib/python3.5/site-packages/django/db/backends/utils.py", line 79, in execute
    return super(CursorDebugWrapper, self).execute(sql, params)
  File "/home/python/.virtualenvs/meiduo_mall/lib/python3.5/site-packages/django/db/backends/utils.py", line 64, in execute
    return self.cursor.execute(sql, params)
  File "/home/python/.virtualenvs/meiduo_mall/lib/python3.5/site-packages/django/db/utils.py", line 94, in __exit__
    six.reraise(dj_exc_type, dj_exc_value, traceback)
  File "/home/python/.virtualenvs/meiduo_mall/lib/python3.5/site-packages/django/utils/six.py", line 685, in reraise
    raise value.with_traceback(tb)
  File "/home/python/.virtualenvs/meiduo_mall/lib/python3.5/site-packages/django/db/backends/utils.py", line 64, in execute
    return self.cursor.execute(sql, params)
  File "/home/python/.virtualenvs/meiduo_mall/lib/python3.5/site-packages/django/db/backends/mysql/base.py", line 101, in execute
    return self.cursor.execute(query, args)
  File "/home/python/.virtualenvs/meiduo_mall/lib/python3.5/site-packages/pymysql/cursors.py", line 163, in execute
    result = self._query(query)
  File "/home/python/.virtualenvs/meiduo_mall/lib/python3.5/site-packages/pymysql/cursors.py", line 321, in _query
    conn.query(q)
  File "/home/python/.virtualenvs/meiduo_mall/lib/python3.5/site-packages/pymysql/connections.py", line 505, in query
    self._affected_rows = self._read_query_result(unbuffered=unbuffered)
  File "/home/python/.virtualenvs/meiduo_mall/lib/python3.5/site-packages/pymysql/connections.py", line 724, in _read_query_result
    result.read()
  File "/home/python/.virtualenvs/meiduo_mall/lib/python3.5/site-packages/pymysql/connections.py", line 1069, in read
    first_packet = self.connection._read_packet()
  File "/home/python/.virtualenvs/meiduo_mall/lib/python3.5/site-packages/pymysql/connections.py", line 676, in _read_packet
    packet.raise_for_error()
  File "/home/python/.virtualenvs/meiduo_mall/lib/python3.5/site-packages/pymysql/protocol.py", line 223, in raise_for_error
    err.raise_mysql_exception(self._data)
  File "/home/python/.virtualenvs/meiduo_mall/lib/python3.5/site-packages/pymysql/err.py", line 107, in raise_mysql_exception
    raise errorclass(errno, errval)
django.db.utils.IntegrityError: (1062, "Duplicate entry '17070897847' for key 'mobile'")
ERROR 2020-09-08 09:03:44,298 basehttp 124 "POST /register/ HTTP/1.1" 500 242502
ERROR 2020-09-08 09:03:50,748 exception 135 Internal Server Error: /register/
Traceback (most recent call last):
  File "/home/python/.virtualenvs/meiduo_mall/lib/python3.5/site-packages/django/db/backends/utils.py", line 64, in execute
    return self.cursor.execute(sql, params)
  File "/home/python/.virtualenvs/meiduo_mall/lib/python3.5/site-packages/django/db/backends/mysql/base.py", line 101, in execute
    return self.cursor.execute(query, args)
  File "/home/python/.virtualenvs/meiduo_mall/lib/python3.5/site-packages/pymysql/cursors.py", line 163, in execute
    result = self._query(query)
  File "/home/python/.virtualenvs/meiduo_mall/lib/python3.5/site-packages/pymysql/cursors.py", line 321, in _query
    conn.query(q)
  File "/home/python/.virtualenvs/meiduo_mall/lib/python3.5/site-packages/pymysql/connections.py", line 505, in query
    self._affected_rows = self._read_query_result(unbuffered=unbuffered)
  File "/home/python/.virtualenvs/meiduo_mall/lib/python3.5/site-packages/pymysql/connections.py", line 724, in _read_query_result
    result.read()
  File "/home/python/.virtualenvs/meiduo_mall/lib/python3.5/site-packages/pymysql/connections.py", line 1069, in read
    first_packet = self.connection._read_packet()
  File "/home/python/.virtualenvs/meiduo_mall/lib/python3.5/site-packages/pymysql/connections.py", line 676, in _read_packet
    packet.raise_for_error()
  File "/home/python/.virtualenvs/meiduo_mall/lib/python3.5/site-packages/pymysql/protocol.py", line 223, in raise_for_error
    err.raise_mysql_exception(self._data)
  File "/home/python/.virtualenvs/meiduo_mall/lib/python3.5/site-packages/pymysql/err.py", line 107, in raise_mysql_exception
    raise errorclass(errno, errval)
pymysql.err.IntegrityError: (1062, "Duplicate entry '17070897847' for key 'mobile'")

The above exception was the direct cause of the following exception:

Traceback (most recent call last):
  File "/home/python/.virtualenvs/meiduo_mall/lib/python3.5/site-packages/django/core/handlers/exception.py", line 41, in inner
    response = get_response(request)
  File "/home/python/.virtualenvs/meiduo_mall/lib/python3.5/site-packages/django/core/handlers/base.py", line 187, in _get_response
    response = self.process_exception_by_middleware(e, request)
  File "/home/python/.virtualenvs/meiduo_mall/lib/python3.5/site-packages/django/core/handlers/base.py", line 185, in _get_response
    response = wrapped_callback(request, *callback_args, **callback_kwargs)
  File "/home/python/.virtualenvs/meiduo_mall/lib/python3.5/site-packages/django/views/generic/base.py", line 68, in view
    return self.dispatch(request, *args, **kwargs)
  File "/home/python/.virtualenvs/meiduo_mall/lib/python3.5/site-packages/django/views/generic/base.py", line 88, in dispatch
    return handler(request, *args, **kwargs)
  File "/home/python/Desktop/42/meiduo/meiduo/apps/users/views.py", line 49, in post
    user = User.objects.create_user(username=username, password=password, mobile=mobile)
  File "/home/python/.virtualenvs/meiduo_mall/lib/python3.5/site-packages/django/contrib/auth/models.py", line 159, in create_user
    return self._create_user(username, email, password, **extra_fields)
  File "/home/python/.virtualenvs/meiduo_mall/lib/python3.5/site-packages/django/contrib/auth/models.py", line 153, in _create_user
    user.save(using=self._db)
  File "/home/python/.virtualenvs/meiduo_mall/lib/python3.5/site-packages/django/contrib/auth/base_user.py", line 80, in save
    super(AbstractBaseUser, self).save(*args, **kwargs)
  File "/home/python/.virtualenvs/meiduo_mall/lib/python3.5/site-packages/django/db/models/base.py", line 808, in save
    force_update=force_update, update_fields=update_fields)
  File "/home/python/.virtualenvs/meiduo_mall/lib/python3.5/site-packages/django/db/models/base.py", line 838, in save_base
    updated = self._save_table(raw, cls, force_insert, force_update, using, update_fields)
  File "/home/python/.virtualenvs/meiduo_mall/lib/python3.5/site-packages/django/db/models/base.py", line 924, in _save_table
    result = self._do_insert(cls._base_manager, using, fields, update_pk, raw)
  File "/home/python/.virtualenvs/meiduo_mall/lib/python3.5/site-packages/django/db/models/base.py", line 963, in _do_insert
    using=using, raw=raw)
  File "/home/python/.virtualenvs/meiduo_mall/lib/python3.5/site-packages/django/db/models/manager.py", line 85, in manager_method
    return getattr(self.get_queryset(), name)(*args, **kwargs)
  File "/home/python/.virtualenvs/meiduo_mall/lib/python3.5/site-packages/django/db/models/query.py", line 1076, in _insert
    return query.get_compiler(using=using).execute_sql(return_id)
  File "/home/python/.virtualenvs/meiduo_mall/lib/python3.5/site-packages/django/db/models/sql/compiler.py", line 1112, in execute_sql
    cursor.execute(sql, params)
  File "/home/python/.virtualenvs/meiduo_mall/lib/python3.5/site-packages/django/db/backends/utils.py", line 79, in execute
    return super(CursorDebugWrapper, self).execute(sql, params)
  File "/home/python/.virtualenvs/meiduo_mall/lib/python3.5/site-packages/django/db/backends/utils.py", line 64, in execute
    return self.cursor.execute(sql, params)
  File "/home/python/.virtualenvs/meiduo_mall/lib/python3.5/site-packages/django/db/utils.py", line 94, in __exit__
    six.reraise(dj_exc_type, dj_exc_value, traceback)
  File "/home/python/.virtualenvs/meiduo_mall/lib/python3.5/site-packages/django/utils/six.py", line 685, in reraise
    raise value.with_traceback(tb)
  File "/home/python/.virtualenvs/meiduo_mall/lib/python3.5/site-packages/django/db/backends/utils.py", line 64, in execute
    return self.cursor.execute(sql, params)
  File "/home/python/.virtualenvs/meiduo_mall/lib/python3.5/site-packages/django/db/backends/mysql/base.py", line 101, in execute
    return self.cursor.execute(query, args)
  File "/home/python/.virtualenvs/meiduo_mall/lib/python3.5/site-packages/pymysql/cursors.py", line 163, in execute
    result = self._query(query)
  File "/home/python/.virtualenvs/meiduo_mall/lib/python3.5/site-packages/pymysql/cursors.py", line 321, in _query
    conn.query(q)
  File "/home/python/.virtualenvs/meiduo_mall/lib/python3.5/site-packages/pymysql/connections.py", line 505, in query
    self._affected_rows = self._read_query_result(unbuffered=unbuffered)
  File "/home/python/.virtualenvs/meiduo_mall/lib/python3.5/site-packages/pymysql/connections.py", line 724, in _read_query_result
    result.read()
  File "/home/python/.virtualenvs/meiduo_mall/lib/python3.5/site-packages/pymysql/connections.py", line 1069, in read
    first_packet = self.connection._read_packet()
  File "/home/python/.virtualenvs/meiduo_mall/lib/python3.5/site-packages/pymysql/connections.py", line 676, in _read_packet
    packet.raise_for_error()
  File "/home/python/.virtualenvs/meiduo_mall/lib/python3.5/site-packages/pymysql/protocol.py", line 223, in raise_for_error
    err.raise_mysql_exception(self._data)
  File "/home/python/.virtualenvs/meiduo_mall/lib/python3.5/site-packages/pymysql/err.py", line 107, in raise_mysql_exception
    raise errorclass(errno, errval)
django.db.utils.IntegrityError: (1062, "Duplicate entry '17070897847' for key 'mobile'")
ERROR 2020-09-08 09:03:50,865 basehttp 124 "POST /register/ HTTP/1.1" 500 242501
INFO 2020-09-08 09:04:24,105 basehttp 124 "GET / HTTP/1.1" 200 39137
INFO 2020-09-08 09:04:27,335 basehttp 124 "GET /register HTTP/1.1" 301 0
INFO 2020-09-08 09:04:27,363 basehttp 124 "GET /register/ HTTP/1.1" 200 4926
INFO 2020-09-08 09:04:51,530 basehttp 124 "POST /register/ HTTP/1.1" 302 0
INFO 2020-09-08 09:04:51,542 basehttp 124 "GET / HTTP/1.1" 200 39137
INFO 2020-09-08 10:38:29,873 basehttp 124 "GET / HTTP/1.1" 200 39137
WARNING 2020-09-08 10:38:57,095 base 152 Not Found: /usernames/ccccc/count
WARNING 2020-09-08 10:38:57,106 basehttp 124 "GET /usernames/ccccc/count HTTP/1.1" 404 2538
INFO 2020-09-08 10:41:53,459 basehttp 124 "GET /usernames/ccccc/count HTTP/1.1" 301 0
INFO 2020-09-08 10:43:11,056 basehttp 124 "GET /usernames/ccccc/count/ HTTP/1.1" 200 40
INFO 2020-09-08 10:43:43,489 basehttp 124 "GET / HTTP/1.1" 200 39137
INFO 2020-09-08 10:43:49,796 basehttp 124 "GET /usernames/cccc2/count/ HTTP/1.1" 200 40
INFO 2020-09-08 10:58:54,613 basehttp 124 "GET / HTTP/1.1" 200 39137
INFO 2020-09-08 10:58:56,972 basehttp 124 "GET /register HTTP/1.1" 301 0
INFO 2020-09-08 10:58:57,003 basehttp 124 "GET /register/ HTTP/1.1" 200 4926
INFO 2020-09-08 10:58:57,024 basehttp 124 "GET /static/js/register.js HTTP/1.1" 200 3419
INFO 2020-09-08 10:59:06,185 basehttp 124 "GET /usernames/ccccc/count/ HTTP/1.1" 200 41
INFO 2020-09-15 09:02:40,167 basehttp 124 "GET / HTTP/1.1" 200 39137
WARNING 2020-09-15 09:03:09,013 base 152 Not Found: /favicon.ico
WARNING 2020-09-15 09:03:09,052 basehttp 124 "GET /favicon.ico HTTP/1.1" 404 2701
WARNING 2020-09-15 09:03:23,504 base 152 Not Found: /register.html
WARNING 2020-09-15 09:03:24,038 basehttp 124 "GET /register.html HTTP/1.1" 404 2707
WARNING 2020-09-15 09:03:47,075 base 152 Not Found: /login.html
WARNING 2020-09-15 09:03:47,096 basehttp 124 "GET /login.html HTTP/1.1" 404 2698
INFO 2020-09-15 09:03:54,898 basehttp 124 "GET /register HTTP/1.1" 301 0
INFO 2020-09-15 09:03:55,036 basehttp 124 "GET /register/ HTTP/1.1" 200 4926
INFO 2020-09-15 09:03:55,302 basehttp 124 "GET /static/js/register.js HTTP/1.1" 200 4099
INFO 2020-09-15 09:04:06,674 basehttp 124 "GET /usernames/qwersc/count/ HTTP/1.1" 200 41
INFO 2020-09-15 09:04:18,671 basehttp 124 "GET /mobile/17070955625/count/ HTTP/1.1" 200 41
INFO 2020-09-15 09:04:47,357 basehttp 124 "GET /mobile/17878478797/count/ HTTP/1.1" 200 41
INFO 2020-09-15 09:05:52,431 basehttp 124 "GET /mobile/17878478792/count/ HTTP/1.1" 200 41
INFO 2020-09-15 09:05:55,488 basehttp 124 "GET /usernames/qwersc/count/ HTTP/1.1" 200 41
INFO 2020-09-15 09:05:55,536 basehttp 124 "GET /mobile/17878478792/count/ HTTP/1.1" 200 41
ERROR 2020-09-15 09:05:56,685 exception 135 Internal Server Error: /register/
Traceback (most recent call last):
  File "/home/python/.virtualenvs/meiduo_mall/lib/python3.5/site-packages/django_redis/cache.py", line 27, in _decorator
    return method(self, *args, **kwargs)
  File "/home/python/.virtualenvs/meiduo_mall/lib/python3.5/site-packages/django_redis/cache.py", line 131, in has_key
    return self.client.has_key(*args, **kwargs)
  File "/home/python/.virtualenvs/meiduo_mall/lib/python3.5/site-packages/django_redis/client/default.py", line 511, in has_key
    raise ConnectionInterrupted(connection=client) from e
django_redis.exceptions.ConnectionInterrupted: Redis ConnectionError: Error 111 connecting to 127.0.0.1:6379. Connection refused.

During handling of the above exception, another exception occurred:

Traceback (most recent call last):
  File "/home/python/.virtualenvs/meiduo_mall/lib/python3.5/site-packages/django/core/handlers/exception.py", line 41, in inner
    response = get_response(request)
  File "/home/python/.virtualenvs/meiduo_mall/lib/python3.5/site-packages/django/core/handlers/base.py", line 187, in _get_response
    response = self.process_exception_by_middleware(e, request)
  File "/home/python/.virtualenvs/meiduo_mall/lib/python3.5/site-packages/django/core/handlers/base.py", line 185, in _get_response
    response = wrapped_callback(request, *callback_args, **callback_kwargs)
  File "/home/python/.virtualenvs/meiduo_mall/lib/python3.5/site-packages/django/views/generic/base.py", line 68, in view
    return self.dispatch(request, *args, **kwargs)
  File "/home/python/.virtualenvs/meiduo_mall/lib/python3.5/site-packages/django/views/generic/base.py", line 88, in dispatch
    return handler(request, *args, **kwargs)
  File "/home/python/Desktop/42/meiduo/meiduo/apps/users/views.py", line 59, in post
    login(request,user)
  File "/home/python/.virtualenvs/meiduo_mall/lib/python3.5/site-packages/django/contrib/auth/__init__.py", line 140, in login
    request.session.cycle_key()
  File "/home/python/.virtualenvs/meiduo_mall/lib/python3.5/site-packages/django/contrib/sessions/backends/base.py", line 311, in cycle_key
    self.create()
  File "/home/python/.virtualenvs/meiduo_mall/lib/python3.5/site-packages/django/contrib/sessions/backends/cache.py", line 44, in create
    self._session_key = self._get_new_session_key()
  File "/home/python/.virtualenvs/meiduo_mall/lib/python3.5/site-packages/django/contrib/sessions/backends/base.py", line 164, in _get_new_session_key
    if not self.exists(session_key):
  File "/home/python/.virtualenvs/meiduo_mall/lib/python3.5/site-packages/django/contrib/sessions/backends/cache.py", line 71, in exists
    return session_key and (self.cache_key_prefix + session_key) in self._cache
  File "/home/python/.virtualenvs/meiduo_mall/lib/python3.5/site-packages/django/core/cache/backends/base.py", line 203, in __contains__
    return self.has_key(key)
  File "/home/python/.virtualenvs/meiduo_mall/lib/python3.5/site-packages/django_redis/cache.py", line 34, in _decorator
    raise e.__cause__
  File "/home/python/.virtualenvs/meiduo_mall/lib/python3.5/site-packages/django_redis/client/default.py", line 509, in has_key
    return client.exists(key) == 1
  File "/home/python/.virtualenvs/meiduo_mall/lib/python3.5/site-packages/redis/client.py", line 1581, in exists
    return self.execute_command('EXISTS', *names)
  File "/home/python/.virtualenvs/meiduo_mall/lib/python3.5/site-packages/redis/client.py", line 898, in execute_command
    conn = self.connection or pool.get_connection(command_name, **options)
  File "/home/python/.virtualenvs/meiduo_mall/lib/python3.5/site-packages/redis/connection.py", line 1192, in get_connection
    connection.connect()
  File "/home/python/.virtualenvs/meiduo_mall/lib/python3.5/site-packages/redis/connection.py", line 563, in connect
    raise ConnectionError(self._error_message(e))
redis.exceptions.ConnectionError: Error 111 connecting to 127.0.0.1:6379. Connection refused.
INFO 2020-09-15 09:54:58,203 basehttp 124 "GET /register/ HTTP/1.1" 200 4926
INFO 2020-09-15 09:55:32,533 basehttp 124 "GET /static/images/logo.png HTTP/1.1" 304 0
INFO 2020-09-15 09:55:32,547 basehttp 124 "GET /static/css/main.css HTTP/1.1" 304 0
INFO 2020-09-15 09:55:32,586 basehttp 124 "GET /static/js/axios-0.18.0.min.js HTTP/1.1" 304 0
INFO 2020-09-15 09:55:32,596 basehttp 124 "GET /static/js/vue-2.5.16.js HTTP/1.1" 304 0
INFO 2020-09-15 09:55:32,672 basehttp 124 "GET /static/css/reset.css HTTP/1.1" 304 0
INFO 2020-09-15 09:55:32,676 basehttp 124 "GET /static/js/register.js HTTP/1.1" 304 0
INFO 2020-09-15 09:55:32,855 basehttp 124 "GET /static/images/pic_code.jpg HTTP/1.1" 304 0
INFO 2020-09-15 09:55:54,994 basehttp 124 "GET /usernames/qwersc/count/ HTTP/1.1" 200 41
INFO 2020-09-15 09:56:00,515 basehttp 124 "GET /usernames/qesxcda/count/ HTTP/1.1" 200 41
INFO 2020-09-15 09:56:08,219 basehttp 124 "GET /mobile/17789745567/count/ HTTP/1.1" 200 41
INFO 2020-09-15 09:56:11,911 basehttp 124 "GET /usernames/qesxcda/count/ HTTP/1.1" 200 41
INFO 2020-09-15 09:56:11,984 basehttp 124 "GET /mobile/17789745567/count/ HTTP/1.1" 200 41
INFO 2020-09-15 09:56:12,882 basehttp 124 "POST /register/ HTTP/1.1" 302 0
INFO 2020-09-15 09:56:12,981 basehttp 124 "GET / HTTP/1.1" 200 39137
INFO 2020-09-15 11:17:17,221 basehttp 124 "GET / HTTP/1.1" 200 39137
WARNING 2020-09-15 11:17:27,333 base 152 Not Found: /favicon.ico
WARNING 2020-09-15 11:17:27,372 basehttp 124 "GET /favicon.ico HTTP/1.1" 404 2885
INFO 2020-09-15 11:17:45,491 basehttp 124 "GET /register HTTP/1.1" 301 0
INFO 2020-09-15 11:17:45,590 basehttp 124 "GET /register/ HTTP/1.1" 200 5071
INFO 2020-09-15 11:17:45,890 basehttp 124 "GET /static/js/register.js HTTP/1.1" 200 4519
INFO 2020-09-15 11:17:59,338 basehttp 124 "GET /register/ HTTP/1.1" 200 5071
INFO 2020-09-15 11:17:59,474 basehttp 124 "GET /static/css/reset.css HTTP/1.1" 304 0
INFO 2020-09-15 11:17:59,486 basehttp 124 "GET /static/css/main.css HTTP/1.1" 304 0
INFO 2020-09-15 11:17:59,493 basehttp 124 "GET /static/js/vue-2.5.16.js HTTP/1.1" 304 0
INFO 2020-09-15 11:17:59,504 basehttp 124 "GET /static/js/axios-0.18.0.min.js HTTP/1.1" 304 0
INFO 2020-09-15 11:17:59,516 basehttp 124 "GET /static/images/logo.png HTTP/1.1" 304 0
INFO 2020-09-15 11:17:59,560 basehttp 124 "GET /static/js/common.js HTTP/1.1" 304 0
INFO 2020-09-15 11:17:59,592 basehttp 124 "GET /static/js/register.js HTTP/1.1" 304 0
WARNING 2020-09-15 11:18:13,507 basehttp 124 "GET /static/js/axios.min.map HTTP/1.1" 404 1661
INFO 2020-09-15 11:20:34,932 basehttp 124 "GET /register/ HTTP/1.1" 200 5071
INFO 2020-09-15 11:20:35,125 basehttp 124 "GET /static/css/main.css HTTP/1.1" 304 0
INFO 2020-09-15 11:20:35,145 basehttp 124 "GET /static/css/reset.css HTTP/1.1" 304 0
INFO 2020-09-15 11:20:35,150 basehttp 124 "GET /static/js/vue-2.5.16.js HTTP/1.1" 304 0
INFO 2020-09-15 11:20:36,379 basehttp 124 "GET /static/js/axios-0.18.0.min.js HTTP/1.1" 304 0
INFO 2020-09-15 11:20:36,449 basehttp 124 "GET /static/images/logo.png HTTP/1.1" 304 0
INFO 2020-09-15 11:20:36,479 basehttp 124 "GET /static/js/common.js HTTP/1.1" 304 0
INFO 2020-09-15 11:20:36,494 basehttp 124 "GET /static/js/register.js HTTP/1.1" 304 0
WARNING 2020-09-15 11:20:36,676 basehttp 124 "GET /static/js/axios.min.map HTTP/1.1" 404 1661
INFO 2020-09-15 11:23:58,067 basehttp 124 "GET /register/ HTTP/1.1" 200 5071
INFO 2020-09-15 11:23:58,309 basehttp 124 "GET /static/css/reset.css HTTP/1.1" 304 0
INFO 2020-09-15 11:23:58,317 basehttp 124 "GET /static/js/axios-0.18.0.min.js HTTP/1.1" 304 0
INFO 2020-09-15 11:23:58,323 basehttp 124 "GET /static/css/main.css HTTP/1.1" 304 0
INFO 2020-09-15 11:23:58,328 basehttp 124 "GET /static/js/vue-2.5.16.js HTTP/1.1" 304 0
INFO 2020-09-15 11:23:58,378 basehttp 124 "GET /static/js/common.js HTTP/1.1" 304 0
INFO 2020-09-15 11:23:58,378 basehttp 124 "GET /static/images/logo.png HTTP/1.1" 304 0
INFO 2020-09-15 11:23:58,389 basehttp 124 "GET /static/js/register.js HTTP/1.1" 200 4510
WARNING 2020-09-15 11:23:59,245 basehttp 124 "GET /static/js/axios.min.map HTTP/1.1" 404 1661
ERROR 2020-09-15 11:24:00,522 exception 135 Internal Server Error: /image_codes/2dcd02a6-3e5b-4c75-89d8-c4d9c640739f/
Traceback (most recent call last):
  File "/home/python/.virtualenvs/meiduo_mall/lib/python3.5/site-packages/django/core/handlers/exception.py", line 41, in inner
    response = get_response(request)
  File "/home/python/.virtualenvs/meiduo_mall/lib/python3.5/site-packages/django/core/handlers/base.py", line 187, in _get_response
    response = self.process_exception_by_middleware(e, request)
  File "/home/python/.virtualenvs/meiduo_mall/lib/python3.5/site-packages/django/core/handlers/base.py", line 185, in _get_response
    response = wrapped_callback(request, *callback_args, **callback_kwargs)
  File "/home/python/.virtualenvs/meiduo_mall/lib/python3.5/site-packages/django/views/generic/base.py", line 68, in view
    return self.dispatch(request, *args, **kwargs)
  File "/home/python/.virtualenvs/meiduo_mall/lib/python3.5/site-packages/django/views/generic/base.py", line 88, in dispatch
    return handler(request, *args, **kwargs)
  File "/home/python/Desktop/42/meiduo/meiduo/apps/verifications/views.py", line 21, in get
    redis_conn = get_redis_connection('verify_code"')    # devredis
  File "/home/python/.virtualenvs/meiduo_mall/lib/python3.5/site-packages/django_redis/__init__.py", line 12, in get_redis_connection
    cache = caches[alias]
  File "/home/python/.virtualenvs/meiduo_mall/lib/python3.5/site-packages/django/core/cache/__init__.py", line 77, in __getitem__
    "Could not find config for '%s' in settings.CACHES" % alias
django.core.cache.backends.base.InvalidCacheBackendError: Could not find config for 'verify_code"' in settings.CACHES
ERROR 2020-09-15 11:24:01,757 basehttp 124 "GET /image_codes/2dcd02a6-3e5b-4c75-89d8-c4d9c640739f/ HTTP/1.1" 500 96655
INFO 2020-09-15 11:25:48,568 basehttp 124 "GET /register/ HTTP/1.1" 200 5071
INFO 2020-09-15 11:25:48,743 basehttp 124 "GET /static/css/reset.css HTTP/1.1" 304 0
INFO 2020-09-15 11:25:48,883 basehttp 124 "GET /static/css/main.css HTTP/1.1" 304 0
INFO 2020-09-15 11:25:48,892 basehttp 124 "GET /static/js/axios-0.18.0.min.js HTTP/1.1" 304 0
INFO 2020-09-15 11:25:48,896 basehttp 124 "GET /static/js/vue-2.5.16.js HTTP/1.1" 304 0
INFO 2020-09-15 11:25:48,897 basehttp 124 "GET /static/images/logo.png HTTP/1.1" 304 0
INFO 2020-09-15 11:25:48,924 basehttp 124 "GET /static/js/common.js HTTP/1.1" 304 0
INFO 2020-09-15 11:25:48,924 basehttp 124 "GET /static/js/register.js HTTP/1.1" 304 0
WARNING 2020-09-15 11:25:49,259 basehttp 124 "GET /static/js/axios.min.map HTTP/1.1" 404 1661
INFO 2020-09-15 11:25:49,808 basehttp 124 "GET /image_codes/3f105afc-e454-459d-9b87-3b0103745283/ HTTP/1.1" 200 2925
INFO 2020-09-15 11:25:52,922 basehttp 124 "GET /register/ HTTP/1.1" 200 5071
INFO 2020-09-15 11:25:53,048 basehttp 124 "GET /static/css/reset.css HTTP/1.1" 304 0
INFO 2020-09-15 11:25:53,056 basehttp 124 "GET /static/css/main.css HTTP/1.1" 304 0
INFO 2020-09-15 11:25:53,058 basehttp 124 "GET /static/js/vue-2.5.16.js HTTP/1.1" 304 0
INFO 2020-09-15 11:25:53,068 basehttp 124 "GET /static/js/axios-0.18.0.min.js HTTP/1.1" 304 0
INFO 2020-09-15 11:25:53,079 basehttp 124 "GET /static/images/logo.png HTTP/1.1" 304 0
INFO 2020-09-15 11:25:53,081 basehttp 124 "GET /static/js/register.js HTTP/1.1" 304 0
INFO 2020-09-15 11:25:53,087 basehttp 124 "GET /static/js/common.js HTTP/1.1" 304 0
INFO 2020-09-15 11:25:54,621 basehttp 124 "GET /image_codes/1a47e6ea-582c-4165-a83e-c79f3780110c/ HTTP/1.1" 200 3113
WARNING 2020-09-15 11:25:54,798 basehttp 124 "GET /static/js/axios.min.map HTTP/1.1" 404 1661
INFO 2020-09-15 11:25:56,707 basehttp 124 "GET /register/ HTTP/1.1" 200 5071
INFO 2020-09-15 11:25:56,845 basehttp 124 "GET /static/css/main.css HTTP/1.1" 304 0
INFO 2020-09-15 11:25:56,855 basehttp 124 "GET /static/css/reset.css HTTP/1.1" 304 0
INFO 2020-09-15 11:25:56,889 basehttp 124 "GET /static/js/axios-0.18.0.min.js HTTP/1.1" 304 0
INFO 2020-09-15 11:25:56,879 basehttp 124 "GET /static/js/vue-2.5.16.js HTTP/1.1" 304 0
INFO 2020-09-15 11:25:56,931 basehttp 124 "GET /static/images/logo.png HTTP/1.1" 304 0
INFO 2020-09-15 11:25:56,960 basehttp 124 "GET /static/js/register.js HTTP/1.1" 304 0
INFO 2020-09-15 11:25:56,960 basehttp 124 "GET /static/js/common.js HTTP/1.1" 304 0
WARNING 2020-09-15 11:25:57,514 basehttp 124 "GET /static/js/axios.min.map HTTP/1.1" 404 1661
INFO 2020-09-15 11:25:58,429 basehttp 124 "GET /image_codes/3f4bb90d-7de2-4c8c-8fa6-ee623ead5cd4/ HTTP/1.1" 200 3412
INFO 2020-09-15 11:55:47,926 basehttp 124 "GET /register/ HTTP/1.1" 200 5100
INFO 2020-09-15 11:55:48,632 basehttp 124 "GET /static/css/reset.css HTTP/1.1" 304 0
INFO 2020-09-15 11:55:48,673 basehttp 124 "GET /static/js/axios-0.18.0.min.js HTTP/1.1" 304 0
INFO 2020-09-15 11:55:48,687 basehttp 124 "GET /static/css/main.css HTTP/1.1" 304 0
INFO 2020-09-15 11:55:48,717 basehttp 124 "GET /static/images/logo.png HTTP/1.1" 304 0
INFO 2020-09-15 11:55:48,728 basehttp 124 "GET /static/js/common.js HTTP/1.1" 304 0
INFO 2020-09-15 11:55:48,752 basehttp 124 "GET /static/js/vue-2.5.16.js HTTP/1.1" 304 0
INFO 2020-09-15 11:55:48,760 basehttp 124 "GET /static/js/register.js HTTP/1.1" 304 0
WARNING 2020-09-15 11:55:49,792 basehttp 124 "GET /static/js/axios.min.map HTTP/1.1" 404 1661
INFO 2020-09-15 11:55:51,363 basehttp 124 "GET /image_codes/d0d92dc0-e168-4644-961a-a8b6714d2de2/ HTTP/1.1" 200 3400
INFO 2020-09-15 11:55:52,669 basehttp 124 "GET /image_codes/ea6020a3-ccdf-43fb-9453-476215658de1/ HTTP/1.1" 200 3157
INFO 2020-09-15 11:55:53,415 basehttp 124 "GET /image_codes/363803f4-ed4b-4696-aca5-33072ea566b4/ HTTP/1.1" 200 3734
INFO 2020-09-15 11:55:54,041 basehttp 124 "GET /image_codes/495ad22e-1d56-4e16-8db5-240045db7583/ HTTP/1.1" 200 3502
INFO 2020-09-17 06:49:01,206 basehttp 124 "GET / HTTP/1.1" 200 39137
INFO 2020-09-17 06:49:23,075 basehttp 124 "GET /register HTTP/1.1" 301 0
INFO 2020-09-17 06:49:23,270 basehttp 124 "GET /register/ HTTP/1.1" 200 5178
INFO 2020-09-17 06:49:23,487 basehttp 124 "GET /static/js/register.js HTTP/1.1" 200 4906
INFO 2020-09-17 06:49:25,877 basehttp 124 "GET /image_codes/f07f86ab-609a-4f7a-9dce-83893e772b72/ HTTP/1.1" 200 3445
INFO 2020-09-17 06:50:20,370 basehttp 124 "GET /register/ HTTP/1.1" 200 5178
INFO 2020-09-17 06:50:20,442 basehttp 124 "GET /static/css/reset.css HTTP/1.1" 304 0
INFO 2020-09-17 06:50:20,443 basehttp 124 "GET /static/css/main.css HTTP/1.1" 304 0
INFO 2020-09-17 06:50:20,445 basehttp 124 "GET /static/js/vue-2.5.16.js HTTP/1.1" 304 0
INFO 2020-09-17 06:50:20,464 basehttp 124 "GET /static/js/axios-0.18.0.min.js HTTP/1.1" 304 0
INFO 2020-09-17 06:50:20,464 basehttp 124 "GET /static/images/logo.png HTTP/1.1" 304 0
INFO 2020-09-17 06:50:20,663 basehttp 124 "GET /static/js/common.js HTTP/1.1" 304 0
INFO 2020-09-17 06:50:20,667 basehttp 124 "GET /static/js/register.js HTTP/1.1" 304 0
INFO 2020-09-17 06:50:21,957 basehttp 124 "GET /image_codes/5e3b4c23-8599-49d6-952d-1faaacf02af1/ HTTP/1.1" 200 3243
INFO 2020-09-17 06:50:46,854 basehttp 124 "GET /register/ HTTP/1.1" 200 5178
INFO 2020-09-17 06:50:47,014 basehttp 124 "GET /static/css/reset.css HTTP/1.1" 304 0
INFO 2020-09-17 06:50:47,034 basehttp 124 "GET /static/css/main.css HTTP/1.1" 304 0
INFO 2020-09-17 06:50:47,035 basehttp 124 "GET /static/js/vue-2.5.16.js HTTP/1.1" 304 0
INFO 2020-09-17 06:50:47,040 basehttp 124 "GET /static/js/axios-0.18.0.min.js HTTP/1.1" 304 0
INFO 2020-09-17 06:50:47,055 basehttp 124 "GET /static/images/logo.png HTTP/1.1" 304 0
INFO 2020-09-17 06:50:47,405 basehttp 124 "GET /static/js/common.js HTTP/1.1" 304 0
INFO 2020-09-17 06:50:47,421 basehttp 124 "GET /static/js/register.js HTTP/1.1" 304 0
INFO 2020-09-17 06:50:48,585 basehttp 124 "GET /image_codes/26399cf9-8445-4952-86fb-908f681c572c/ HTTP/1.1" 200 3224
INFO 2020-09-17 09:31:14,154 basehttp 124 "GET /register/ HTTP/1.1" 200 5179
INFO 2020-09-17 09:31:14,404 basehttp 124 "GET /static/css/main.css HTTP/1.1" 304 0
INFO 2020-09-17 09:31:14,416 basehttp 124 "GET /static/js/vue-2.5.16.js HTTP/1.1" 304 0
INFO 2020-09-17 09:31:14,426 basehttp 124 "GET /static/js/axios-0.18.0.min.js HTTP/1.1" 304 0
INFO 2020-09-17 09:31:14,430 basehttp 124 "GET /static/images/logo.png HTTP/1.1" 304 0
INFO 2020-09-17 09:31:14,441 basehttp 124 "GET /static/css/reset.css HTTP/1.1" 304 0
INFO 2020-09-17 09:31:14,547 basehttp 124 "GET /static/js/common.js HTTP/1.1" 304 0
INFO 2020-09-17 09:31:14,593 basehttp 124 "GET /static/js/register.js HTTP/1.1" 200 6696
INFO 2020-09-17 09:31:21,079 basehttp 124 "GET /register/ HTTP/1.1" 200 5179
INFO 2020-09-17 09:31:23,697 basehttp 124 "GET /image_codes/28b6b397-18e0-4e05-9304-d2157e35c4d7/ HTTP/1.1" 200 2842
INFO 2020-09-17 09:31:37,649 basehttp 124 "GET /usernames/qwertyu/count/ HTTP/1.1" 200 41
INFO 2020-09-17 09:32:00,688 basehttp 124 "GET /mobile/13333897425/count/ HTTP/1.1" 200 41
INFO 2020-09-17 09:32:02,953 basehttp 124 "GET /image_codes/cd0ae6dc-f266-48c7-8093-bc9c6af8ed83/ HTTP/1.1" 200 3390
ERROR 2020-09-17 09:32:09,511 exception 135 Internal Server Error: /sms_codes/13333897425/
Traceback (most recent call last):
  File "/home/python/.virtualenvs/meiduo_mall/lib/python3.5/site-packages/django/core/handlers/exception.py", line 41, in inner
    response = get_response(request)
  File "/home/python/.virtualenvs/meiduo_mall/lib/python3.5/site-packages/django/core/handlers/base.py", line 187, in _get_response
    response = self.process_exception_by_middleware(e, request)
  File "/home/python/.virtualenvs/meiduo_mall/lib/python3.5/site-packages/django/core/handlers/base.py", line 185, in _get_response
    response = wrapped_callback(request, *callback_args, **callback_kwargs)
  File "/home/python/.virtualenvs/meiduo_mall/lib/python3.5/site-packages/django/views/generic/base.py", line 68, in view
    return self.dispatch(request, *args, **kwargs)
  File "/home/python/.virtualenvs/meiduo_mall/lib/python3.5/site-packages/django/views/generic/base.py", line 88, in dispatch
    return handler(request, *args, **kwargs)
  File "/home/python/Desktop/42/meiduo/meiduo/apps/verifications/views.py", line 24, in get
    if not all(img_code_client,uuid):
TypeError: all() takes exactly one argument (2 given)
ERROR 2020-09-17 09:32:10,182 basehttp 124 "GET /sms_codes/13333897425/?image_code=FMA7&uuid=cd0ae6dc-f266-48c7-8093-bc9c6af8ed83 HTTP/1.1" 500 84395
ERROR 2020-09-17 09:32:11,015 exception 135 Internal Server Error: /sms_codes/13333897425/
Traceback (most recent call last):
  File "/home/python/.virtualenvs/meiduo_mall/lib/python3.5/site-packages/django/core/handlers/exception.py", line 41, in inner
    response = get_response(request)
  File "/home/python/.virtualenvs/meiduo_mall/lib/python3.5/site-packages/django/core/handlers/base.py", line 187, in _get_response
    response = self.process_exception_by_middleware(e, request)
  File "/home/python/.virtualenvs/meiduo_mall/lib/python3.5/site-packages/django/core/handlers/base.py", line 185, in _get_response
    response = wrapped_callback(request, *callback_args, **callback_kwargs)
  File "/home/python/.virtualenvs/meiduo_mall/lib/python3.5/site-packages/django/views/generic/base.py", line 68, in view
    return self.dispatch(request, *args, **kwargs)
  File "/home/python/.virtualenvs/meiduo_mall/lib/python3.5/site-packages/django/views/generic/base.py", line 88, in dispatch
    return handler(request, *args, **kwargs)
  File "/home/python/Desktop/42/meiduo/meiduo/apps/verifications/views.py", line 24, in get
    if not all(img_code_client,uuid):
TypeError: all() takes exactly one argument (2 given)
ERROR 2020-09-17 09:32:11,627 basehttp 124 "GET /sms_codes/13333897425/?image_code=FMA7&uuid=cd0ae6dc-f266-48c7-8093-bc9c6af8ed83 HTTP/1.1" 500 84395
ERROR 2020-09-17 09:32:12,511 exception 135 Internal Server Error: /sms_codes/13333897425/
Traceback (most recent call last):
  File "/home/python/.virtualenvs/meiduo_mall/lib/python3.5/site-packages/django/core/handlers/exception.py", line 41, in inner
    response = get_response(request)
  File "/home/python/.virtualenvs/meiduo_mall/lib/python3.5/site-packages/django/core/handlers/base.py", line 187, in _get_response
    response = self.process_exception_by_middleware(e, request)
  File "/home/python/.virtualenvs/meiduo_mall/lib/python3.5/site-packages/django/core/handlers/base.py", line 185, in _get_response
    response = wrapped_callback(request, *callback_args, **callback_kwargs)
  File "/home/python/.virtualenvs/meiduo_mall/lib/python3.5/site-packages/django/views/generic/base.py", line 68, in view
    return self.dispatch(request, *args, **kwargs)
  File "/home/python/.virtualenvs/meiduo_mall/lib/python3.5/site-packages/django/views/generic/base.py", line 88, in dispatch
    return handler(request, *args, **kwargs)
  File "/home/python/Desktop/42/meiduo/meiduo/apps/verifications/views.py", line 24, in get
    if not all(img_code_client,uuid):
TypeError: all() takes exactly one argument (2 given)
ERROR 2020-09-17 09:32:13,159 basehttp 124 "GET /sms_codes/13333897425/?image_code=FMA7&uuid=cd0ae6dc-f266-48c7-8093-bc9c6af8ed83 HTTP/1.1" 500 84395
WARNING 2020-09-17 09:32:18,574 basehttp 124 "GET /static/js/axios.min.map HTTP/1.1" 404 1661
ERROR 2020-09-17 09:32:31,874 exception 135 Internal Server Error: /sms_codes/13333897425/
Traceback (most recent call last):
  File "/home/python/.virtualenvs/meiduo_mall/lib/python3.5/site-packages/django/core/handlers/exception.py", line 41, in inner
    response = get_response(request)
  File "/home/python/.virtualenvs/meiduo_mall/lib/python3.5/site-packages/django/core/handlers/base.py", line 187, in _get_response
    response = self.process_exception_by_middleware(e, request)
  File "/home/python/.virtualenvs/meiduo_mall/lib/python3.5/site-packages/django/core/handlers/base.py", line 185, in _get_response
    response = wrapped_callback(request, *callback_args, **callback_kwargs)
  File "/home/python/.virtualenvs/meiduo_mall/lib/python3.5/site-packages/django/views/generic/base.py", line 68, in view
    return self.dispatch(request, *args, **kwargs)
  File "/home/python/.virtualenvs/meiduo_mall/lib/python3.5/site-packages/django/views/generic/base.py", line 88, in dispatch
    return handler(request, *args, **kwargs)
  File "/home/python/Desktop/42/meiduo/meiduo/apps/verifications/views.py", line 24, in get
    if not all(img_code_client,uuid):
TypeError: all() takes exactly one argument (2 given)
ERROR 2020-09-17 09:32:32,410 basehttp 124 "GET /sms_codes/13333897425/?image_code=FMA7&uuid=cd0ae6dc-f266-48c7-8093-bc9c6af8ed83 HTTP/1.1" 500 84395
ERROR 2020-09-17 09:32:33,171 exception 135 Internal Server Error: /sms_codes/13333897425/
Traceback (most recent call last):
  File "/home/python/.virtualenvs/meiduo_mall/lib/python3.5/site-packages/django/core/handlers/exception.py", line 41, in inner
    response = get_response(request)
  File "/home/python/.virtualenvs/meiduo_mall/lib/python3.5/site-packages/django/core/handlers/base.py", line 187, in _get_response
    response = self.process_exception_by_middleware(e, request)
  File "/home/python/.virtualenvs/meiduo_mall/lib/python3.5/site-packages/django/core/handlers/base.py", line 185, in _get_response
    response = wrapped_callback(request, *callback_args, **callback_kwargs)
  File "/home/python/.virtualenvs/meiduo_mall/lib/python3.5/site-packages/django/views/generic/base.py", line 68, in view
    return self.dispatch(request, *args, **kwargs)
  File "/home/python/.virtualenvs/meiduo_mall/lib/python3.5/site-packages/django/views/generic/base.py", line 88, in dispatch
    return handler(request, *args, **kwargs)
  File "/home/python/Desktop/42/meiduo/meiduo/apps/verifications/views.py", line 24, in get
    if not all(img_code_client,uuid):
TypeError: all() takes exactly one argument (2 given)
ERROR 2020-09-17 09:32:33,821 basehttp 124 "GET /sms_codes/13333897425/?image_code=FMA7&uuid=cd0ae6dc-f266-48c7-8093-bc9c6af8ed83 HTTP/1.1" 500 84395
INFO 2020-09-18 08:30:35,532 basehttp 124 "GET / HTTP/1.1" 200 39137
WARNING 2020-09-18 08:30:44,688 base 152 Not Found: /favicon.ico
WARNING 2020-09-18 08:30:44,698 basehttp 124 "GET /favicon.ico HTTP/1.1" 404 3075
INFO 2020-09-18 08:31:01,315 basehttp 124 "GET /register/ HTTP/1.1" 200 5179
INFO 2020-09-18 08:31:02,446 basehttp 124 "GET /static/js/register.js HTTP/1.1" 200 7159
INFO 2020-09-18 08:31:06,096 basehttp 124 "GET /image_codes/0969067b-fe03-4a95-871b-83be51822be5/ HTTP/1.1" 200 3361
INFO 2020-09-18 08:31:12,414 basehttp 124 "GET /usernames/iqiwusj/count/ HTTP/1.1" 200 41
INFO 2020-09-18 08:31:18,870 basehttp 124 "GET /mobile/17070955625/count/ HTTP/1.1" 200 41
WARNING 2020-09-18 08:31:33,208 basehttp 124 "GET /static/js/axios.min.map HTTP/1.1" 404 1661
INFO 2020-09-18 08:32:46,180 basehttp 124 "GET /register/ HTTP/1.1" 200 5179
INFO 2020-09-18 08:32:46,602 basehttp 124 "GET /static/css/main.css HTTP/1.1" 304 0
INFO 2020-09-18 08:32:46,540 basehttp 124 "GET /static/css/reset.css HTTP/1.1" 304 0
INFO 2020-09-18 08:32:46,617 basehttp 124 "GET /static/js/vue-2.5.16.js HTTP/1.1" 304 0
INFO 2020-09-18 08:32:46,653 basehttp 124 "GET /static/js/axios-0.18.0.min.js HTTP/1.1" 304 0
INFO 2020-09-18 08:32:46,670 basehttp 124 "GET /static/images/logo.png HTTP/1.1" 304 0
INFO 2020-09-18 08:32:46,678 basehttp 124 "GET /static/js/common.js HTTP/1.1" 304 0
INFO 2020-09-18 08:32:46,691 basehttp 124 "GET /static/js/register.js HTTP/1.1" 304 0
WARNING 2020-09-18 08:32:47,660 basehttp 124 "GET /static/js/axios.min.map HTTP/1.1" 404 1661
INFO 2020-09-18 08:32:49,202 basehttp 124 "GET /image_codes/d4450e50-666a-4f45-8c65-696b2d714dfd/ HTTP/1.1" 200 3291
INFO 2020-09-18 08:32:53,969 basehttp 124 "GET /usernames/qwedsaw/count/ HTTP/1.1" 200 41
INFO 2020-09-18 08:33:01,768 basehttp 124 "GET /mobile/17070955625/count/ HTTP/1.1" 200 41
INFO 2020-09-18 08:55:21,530 basehttp 124 "GET /register/ HTTP/1.1" 200 5179
INFO 2020-09-18 08:55:21,791 basehttp 124 "GET /static/js/axios-0.18.0.min.js HTTP/1.1" 304 0
INFO 2020-09-18 08:55:21,806 basehttp 124 "GET /static/images/logo.png HTTP/1.1" 304 0
INFO 2020-09-18 08:55:21,858 basehttp 124 "GET /static/css/main.css HTTP/1.1" 304 0
INFO 2020-09-18 08:55:21,859 basehttp 124 "GET /static/css/reset.css HTTP/1.1" 304 0
INFO 2020-09-18 08:55:21,860 basehttp 124 "GET /static/js/common.js HTTP/1.1" 304 0
INFO 2020-09-18 08:55:21,860 basehttp 124 "GET /static/js/vue-2.5.16.js HTTP/1.1" 304 0
INFO 2020-09-18 08:55:21,879 basehttp 124 "GET /static/js/register.js HTTP/1.1" 304 0
WARNING 2020-09-18 08:55:22,691 basehttp 124 "GET /static/js/axios.min.map HTTP/1.1" 404 1661
INFO 2020-09-18 08:55:24,083 basehttp 124 "GET /image_codes/9d5d4145-61a8-451b-ad33-28a54c83adef/ HTTP/1.1" 200 3283
INFO 2020-09-18 08:55:28,661 basehttp 124 "GET /usernames/xchae/count/ HTTP/1.1" 200 41
INFO 2020-09-18 08:55:34,063 basehttp 124 "GET /mobile/17070955625/count/ HTTP/1.1" 200 41
INFO 2020-09-18 08:57:15,687 basehttp 124 "GET /register/ HTTP/1.1" 200 5179
INFO 2020-09-18 08:57:16,040 basehttp 124 "GET /static/css/reset.css HTTP/1.1" 200 638
INFO 2020-09-18 08:57:16,055 basehttp 124 "GET /static/css/main.css HTTP/1.1" 200 40091
INFO 2020-09-18 08:57:16,064 basehttp 124 "GET /static/js/axios-0.18.0.min.js HTTP/1.1" 200 12941
INFO 2020-09-18 08:57:16,096 basehttp 124 "GET /static/js/vue-2.5.16.js HTTP/1.1" 200 289307
INFO 2020-09-18 08:57:16,156 basehttp 124 "GET /static/images/logo.png HTTP/1.1" 200 7450
INFO 2020-09-18 08:57:16,170 basehttp 124 "GET /static/js/register.js HTTP/1.1" 200 7159
INFO 2020-09-18 08:57:16,194 basehttp 124 "GET /static/js/common.js HTTP/1.1" 200 891
INFO 2020-09-18 08:57:17,000 basehttp 124 "GET /static/images/interval_line.png HTTP/1.1" 200 1123
INFO 2020-09-18 08:57:17,019 basehttp 124 "GET /static/images/register_banner.png HTTP/1.1" 200 54894
INFO 2020-09-18 08:57:17,064 basehttp 124 "GET /static/images/icons02.png HTTP/1.1" 200 3935
WARNING 2020-09-18 08:57:18,209 basehttp 124 "GET /static/js/axios.min.map HTTP/1.1" 404 1661
INFO 2020-09-18 08:57:18,688 basehttp 124 "GET /image_codes/6489d86e-73d9-4074-a88d-e2e10c2f5481/ HTTP/1.1" 200 3363
INFO 2020-09-18 08:57:24,567 basehttp 124 "GET /usernames/xchuisad/count/ HTTP/1.1" 200 41
INFO 2020-09-18 08:57:31,154 basehttp 124 "GET /mobile/17070955625/count/ HTTP/1.1" 200 41
WARNING 2020-09-18 08:57:37,827 basehttp 124 "GET /sms_codes/17070955625/?image_code=A8PB&uuid=6489d86e-73d9-4074-a88d-e2e10c2f5481 HTTP/1.1" 403 18
INFO 2020-09-18 08:57:38,126 basehttp 124 "GET /mobile/17070955625/count/ HTTP/1.1" 200 41
WARNING 2020-09-18 08:57:48,561 basehttp 124 "GET /static/js/axios.min.map HTTP/1.1" 404 1661
WARNING 2020-09-18 08:58:14,171 basehttp 124 "GET /sms_codes/17070955625/?image_code=A8PB&uuid=6489d86e-73d9-4074-a88d-e2e10c2f5481 HTTP/1.1" 403 18
INFO 2020-09-18 08:59:59,290 basehttp 124 "GET /register/ HTTP/1.1" 200 5179
INFO 2020-09-18 08:59:59,518 basehttp 124 "GET /static/css/main.css HTTP/1.1" 304 0
INFO 2020-09-18 08:59:59,535 basehttp 124 "GET /static/js/vue-2.5.16.js HTTP/1.1" 304 0
INFO 2020-09-18 08:59:59,530 basehttp 124 "GET /static/css/reset.css HTTP/1.1" 304 0
INFO 2020-09-18 08:59:59,545 basehttp 124 "GET /static/images/logo.png HTTP/1.1" 304 0
INFO 2020-09-18 08:59:59,527 basehttp 124 "GET /static/js/axios-0.18.0.min.js HTTP/1.1" 304 0
INFO 2020-09-18 08:59:59,567 basehttp 124 "GET /static/js/common.js HTTP/1.1" 304 0
INFO 2020-09-18 08:59:59,606 basehttp 124 "GET /static/js/register.js HTTP/1.1" 304 0
WARNING 2020-09-18 09:00:00,960 basehttp 124 "GET /static/js/axios.min.map HTTP/1.1" 404 1661
INFO 2020-09-18 09:00:02,630 basehttp 124 "GET /image_codes/019945c5-f9c1-4e3b-bde9-7844481b8088/ HTTP/1.1" 200 3366
INFO 2020-09-18 09:00:05,492 basehttp 124 "GET /usernames/asdqwc/count/ HTTP/1.1" 200 41
INFO 2020-09-18 09:00:13,472 basehttp 124 "GET /mobile/17070955625/count/ HTTP/1.1" 200 41
WARNING 2020-09-18 09:00:18,066 basehttp 124 "GET /sms_codes/17070955625/?image_code=NWUD&uuid=019945c5-f9c1-4e3b-bde9-7844481b8088 HTTP/1.1" 403 18
INFO 2020-09-18 09:00:18,096 basehttp 124 "GET /mobile/17070955625/count/ HTTP/1.1" 200 41
INFO 2020-09-18 09:19:45,798 basehttp 124 "GET /register/ HTTP/1.1" 200 5179
INFO 2020-09-18 09:19:46,011 basehttp 124 "GET /static/js/vue-2.5.16.js HTTP/1.1" 304 0
INFO 2020-09-18 09:19:46,086 basehttp 124 "GET /static/js/register.js HTTP/1.1" 304 0
INFO 2020-09-18 09:19:46,062 basehttp 124 "GET /static/css/main.css HTTP/1.1" 304 0
INFO 2020-09-18 09:19:46,066 basehttp 124 "GET /static/images/logo.png HTTP/1.1" 304 0
INFO 2020-09-18 09:19:46,070 basehttp 124 "GET /static/css/reset.css HTTP/1.1" 304 0
INFO 2020-09-18 09:19:46,071 basehttp 124 "GET /static/js/common.js HTTP/1.1" 304 0
INFO 2020-09-18 09:19:46,035 basehttp 124 "GET /static/js/axios-0.18.0.min.js HTTP/1.1" 304 0
WARNING 2020-09-18 09:19:47,571 basehttp 124 "GET /static/js/axios.min.map HTTP/1.1" 404 1661
INFO 2020-09-18 09:19:49,350 basehttp 124 "GET /image_codes/5d09d2a3-a72b-4901-84f9-2769dde6bfa9/ HTTP/1.1" 200 3267
INFO 2020-09-18 09:19:55,710 basehttp 124 "GET /usernames/cigmrs/count/ HTTP/1.1" 200 41
INFO 2020-09-18 09:19:59,678 basehttp 124 "GET /mobile/17070955625/count/ HTTP/1.1" 200 41
ERROR 2020-09-18 09:20:04,538 exception 135 Internal Server Error: /sms_codes/17070955625/
Traceback (most recent call last):
  File "/home/python/.virtualenvs/meiduo_mall/lib/python3.5/site-packages/django/core/handlers/exception.py", line 41, in inner
    response = get_response(request)
  File "/home/python/.virtualenvs/meiduo_mall/lib/python3.5/site-packages/django/core/handlers/base.py", line 187, in _get_response
    response = self.process_exception_by_middleware(e, request)
  File "/home/python/.virtualenvs/meiduo_mall/lib/python3.5/site-packages/django/core/handlers/base.py", line 185, in _get_response
    response = wrapped_callback(request, *callback_args, **callback_kwargs)
  File "/home/python/.virtualenvs/meiduo_mall/lib/python3.5/site-packages/django/views/generic/base.py", line 68, in view
    return self.dispatch(request, *args, **kwargs)
  File "/home/python/.virtualenvs/meiduo_mall/lib/python3.5/site-packages/django/views/generic/base.py", line 88, in dispatch
    return handler(request, *args, **kwargs)
  File "/home/python/Desktop/42/meiduo/meiduo/apps/verifications/views.py", line 43, in get
    redis_conn.setex("sms_%s" % mobile,constants.SMS_CODE_REDIS_EXPIRES)
TypeError: setex() missing 1 required positional argument: 'value'
ERROR 2020-09-18 09:20:04,734 basehttp 124 "GET /sms_codes/17070955625/?image_code=BY37&uuid=5d09d2a3-a72b-4901-84f9-2769dde6bfa9 HTTP/1.1" 500 85117
INFO 2020-09-18 09:20:05,539 basehttp 124 "GET /mobile/17070955625/count/ HTTP/1.1" 200 41
INFO 2020-09-18 09:21:07,091 basehttp 124 "GET /register/ HTTP/1.1" 200 5179
INFO 2020-09-18 09:21:07,340 basehttp 124 "GET /static/css/main.css HTTP/1.1" 304 0
INFO 2020-09-18 09:21:07,343 basehttp 124 "GET /static/css/reset.css HTTP/1.1" 304 0
INFO 2020-09-18 09:21:07,362 basehttp 124 "GET /static/js/vue-2.5.16.js HTTP/1.1" 304 0
INFO 2020-09-18 09:21:07,408 basehttp 124 "GET /static/js/common.js HTTP/1.1" 304 0
INFO 2020-09-18 09:21:07,408 basehttp 124 "GET /static/images/logo.png HTTP/1.1" 304 0
INFO 2020-09-18 09:21:07,421 basehttp 124 "GET /static/js/axios-0.18.0.min.js HTTP/1.1" 304 0
INFO 2020-09-18 09:21:07,456 basehttp 124 "GET /static/js/register.js HTTP/1.1" 304 0
WARNING 2020-09-18 09:21:08,608 basehttp 124 "GET /static/js/axios.min.map HTTP/1.1" 404 1661
INFO 2020-09-18 09:21:09,920 basehttp 124 "GET /image_codes/e59c9196-e273-4a90-bcd1-a5a1eb3db7ed/ HTTP/1.1" 200 3174
INFO 2020-09-18 09:21:13,369 basehttp 124 "GET /usernames/dfsvew/count/ HTTP/1.1" 200 41
INFO 2020-09-18 09:21:25,426 basehttp 124 "GET /mobile/17070955625/count/ HTTP/1.1" 200 41
INFO 2020-09-18 09:21:28,422 basehttp 124 "GET /mobile/17070955625/count/ HTTP/1.1" 200 41
INFO 2020-09-18 09:21:28,752 basehttp 124 "GET /sms_codes/17070955625/?image_code=QWLB&uuid=e59c9196-e273-4a90-bcd1-a5a1eb3db7ed HTTP/1.1" 200 63
INFO 2020-09-18 09:22:29,583 basehttp 124 "GET /image_codes/f4974987-a44e-48c0-9934-27889aece1c0/ HTTP/1.1" 200 2875
